2026-03-05 22:40:08,908 | INFO | root | === POS Scale App started ===
2026-03-05 22:40:09,320 | INFO | app.ui.main_window | Main window ready
2026-03-05 22:40:09,434 | INFO | app.scale.reader | Connecting to COM6 @ 9600...
2026-03-05 22:40:09,434 | ERROR | app.scale.reader | Serial error: [Errno 2] could not open port COM6: [Errno 2] No such file or directory: 'COM6' (COM port busy? Close other apps using the scale.)
2026-03-05 22:41:11,142 | INFO | root | === POS Scale App started ===
2026-03-05 22:41:11,233 | INFO | app.ui.main_window | Main window ready
2026-03-05 22:41:11,332 | INFO | app.scale.reader | Connecting to COM6 @ 9600...
2026-03-05 22:41:11,332 | ERROR | app.scale.reader | Serial error: [Errno 2] could not open port COM6: [Errno 2] No such file or directory: 'COM6' (COM port busy? Close other apps using the scale.)
2026-03-05 22:41:13,337 | INFO | app.scale.reader | Connecting to COM6 @ 9600...
2026-03-05 22:41:13,338 | ERROR | app.scale.reader | Serial error: [Errno 2] could not open port COM6: [Errno 2] No such file or directory: 'COM6' (COM port busy? Close other apps using the scale.)
2026-03-05 22:41:15,343 | INFO | app.scale.reader | Connecting to COM6 @ 9600...
2026-03-05 22:41:15,344 | ERROR | app.scale.reader | Serial error: [Errno 2] could not open port COM6: [Errno 2] No such file or directory: 'COM6' (COM port busy? Close other apps using the scale.)
2026-03-05 22:41:17,349 | INFO | app.scale.reader | Connecting to COM6 @ 9600...
2026-03-05 22:41:17,350 | ERROR | app.scale.reader | Serial error: [Errno 2] could not open port COM6: [Errno 2] No such file or directory: 'COM6' (COM port busy? Close other apps using the scale.)
2026-03-05 22:41:19,353 | INFO | app.scale.reader | Connecting to COM6 @ 9600...
2026-03-05 22:41:19,354 | ERROR | app.scale.reader | Serial error: [Errno 2] could not open port COM6: [Errno 2] No such file or directory: 'COM6' (COM port busy? Close other apps using the scale.)
2026-03-05 22:41:21,359 | INFO | app.scale.reader | Connecting to COM6 @ 9600...
2026-03-05 22:41:21,360 | ERROR | app.scale.reader | Serial error: [Errno 2] could not open port COM6: [Errno 2] No such file or directory: 'COM6' (COM port busy? Close other apps using the scale.)
2026-03-05 22:41:23,365 | INFO | app.scale.reader | Connecting to COM6 @ 9600...
2026-03-05 22:41:23,366 | ERROR | app.scale.reader | Serial error: [Errno 2] could not open port COM6: [Errno 2] No such file or directory: 'COM6' (COM port busy? Close other apps using the scale.)
2026-03-05 22:41:25,371 | INFO | app.scale.reader | Connecting to COM6 @ 9600...
2026-03-05 22:41:25,372 | ERROR | app.scale.reader | Serial error: [Errno 2] could not open port COM6: [Errno 2] No such file or directory: 'COM6' (COM port busy? Close other apps using the scale.)
2026-03-05 22:41:27,376 | INFO | app.scale.reader | Connecting to COM6 @ 9600...
2026-03-05 22:41:27,377 | ERROR | app.scale.reader | Serial error: [Errno 2] could not open port COM6: [Errno 2] No such file or directory: 'COM6' (COM port busy? Close other apps using the scale.)
2026-03-05 22:41:29,379 | INFO | app.scale.reader | Connecting to COM6 @ 9600...
2026-03-05 22:41:29,379 | ERROR | app.scale.reader | Serial error: [Errno 2] could not open port COM6: [Errno 2] No such file or directory: 'COM6' (COM port busy? Close other apps using the scale.)
2026-03-05 22:41:31,384 | INFO | app.scale.reader | Connecting to COM6 @ 9600...
2026-03-05 22:41:31,385 | ERROR | app.scale.reader | Serial error: [Errno 2] could not open port COM6: [Errno 2] No such file or directory: 'COM6' (COM port busy? Close other apps using the scale.)
2026-03-05 22:41:33,390 | INFO | app.scale.reader | Connecting to COM6 @ 9600...
2026-03-05 22:41:33,391 | ERROR | app.scale.reader | Serial error: [Errno 2] could not open port COM6: [Errno 2] No such file or directory: 'COM6' (COM port busy? Close other apps using the scale.)
2026-03-05 22:41:35,392 | INFO | app.scale.reader | Connecting to COM6 @ 9600...
2026-03-05 22:41:35,393 | ERROR | app.scale.reader | Serial error: [Errno 2] could not open port COM6: [Errno 2] No such file or directory: 'COM6' (COM port busy? Close other apps using the scale.)
2026-03-05 22:41:37,396 | INFO | app.scale.reader | Connecting to COM6 @ 9600...
2026-03-05 22:41:37,397 | ERROR | app.scale.reader | Serial error: [Errno 2] could not open port COM6: [Errno 2] No such file or directory: 'COM6' (COM port busy? Close other apps using the scale.)
2026-03-05 22:41:39,401 | INFO | app.scale.reader | Connecting to COM6 @ 9600...
2026-03-05 22:41:39,401 | ERROR | app.scale.reader | Serial error: [Errno 2] could not open port COM6: [Errno 2] No such file or directory: 'COM6' (COM port busy? Close other apps using the scale.)
2026-03-05 22:41:41,401 | INFO | app.scale.reader | Connecting to COM6 @ 9600...
2026-03-05 22:41:41,401 | ERROR | app.scale.reader | Serial error: [Errno 2] could not open port COM6: [Errno 2] No such file or directory: 'COM6' (COM port busy? Close other apps using the scale.)
2026-03-05 22:41:43,406 | INFO | app.scale.reader | Connecting to COM6 @ 9600...
2026-03-05 22:41:43,407 | ERROR | app.scale.reader | Serial error: [Errno 2] could not open port COM6: [Errno 2] No such file or directory: 'COM6' (COM port busy? Close other apps using the scale.)
2026-03-05 22:41:45,412 | INFO | app.scale.reader | Connecting to COM6 @ 9600...
2026-03-05 22:41:45,412 | ERROR | app.scale.reader | Serial error: [Errno 2] could not open port COM6: [Errno 2] No such file or directory: 'COM6' (COM port busy? Close other apps using the scale.)
2026-03-05 22:41:47,417 | INFO | app.scale.reader | Connecting to COM6 @ 9600...
2026-03-05 22:41:47,417 | ERROR | app.scale.reader | Serial error: [Errno 2] could not open port COM6: [Errno 2] No such file or directory: 'COM6' (COM port busy? Close other apps using the scale.)
2026-03-05 22:41:49,423 | INFO | app.scale.reader | Connecting to COM6 @ 9600...
2026-03-05 22:41:49,423 | ERROR | app.scale.reader | Serial error: [Errno 2] could not open port COM6: [Errno 2] No such file or directory: 'COM6' (COM port busy? Close other apps using the scale.)
2026-03-05 22:41:51,429 | INFO | app.scale.reader | Connecting to COM6 @ 9600...
2026-03-05 22:41:51,429 | ERROR | app.scale.reader | Serial error: [Errno 2] could not open port COM6: [Errno 2] No such file or directory: 'COM6' (COM port busy? Close other apps using the scale.)
2026-03-05 22:41:53,431 | INFO | app.scale.reader | Connecting to COM6 @ 9600...
2026-03-05 22:41:53,432 | ERROR | app.scale.reader | Serial error: [Errno 2] could not open port COM6: [Errno 2] No such file or directory: 'COM6' (COM port busy? Close other apps using the scale.)
2026-03-05 22:41:55,432 | INFO | app.scale.reader | Connecting to COM6 @ 9600...
2026-03-05 22:41:55,433 | ERROR | app.scale.reader | Serial error: [Errno 2] could not open port COM6: [Errno 2] No such file or directory: 'COM6' (COM port busy? Close other apps using the scale.)
2026-03-05 22:41:57,439 | INFO | app.scale.reader | Connecting to COM6 @ 9600...
2026-03-05 22:41:57,440 | ERROR | app.scale.reader | Serial error: [Errno 2] could not open port COM6: [Errno 2] No such file or directory: 'COM6' (COM port busy? Close other apps using the scale.)
2026-03-05 22:41:59,441 | INFO | app.scale.reader | Connecting to COM6 @ 9600...
2026-03-05 22:41:59,442 | ERROR | app.scale.reader | Serial error: [Errno 2] could not open port COM6: [Errno 2] No such file or directory: 'COM6' (COM port busy? Close other apps using the scale.)
2026-03-05 22:42:01,445 | INFO | app.scale.reader | Connecting to COM6 @ 9600...
2026-03-05 22:42:01,446 | ERROR | app.scale.reader | Serial error: [Errno 2] could not open port COM6: [Errno 2] No such file or directory: 'COM6' (COM port busy? Close other apps using the scale.)
2026-03-05 22:42:03,452 | INFO | app.scale.reader | Connecting to COM6 @ 9600...
2026-03-05 22:42:03,453 | ERROR | app.scale.reader | Serial error: [Errno 2] could not open port COM6: [Errno 2] No such file or directory: 'COM6' (COM port busy? Close other apps using the scale.)
2026-03-05 22:42:05,458 | INFO | app.scale.reader | Connecting to COM6 @ 9600...
2026-03-05 22:42:05,459 | ERROR | app.scale.reader | Serial error: [Errno 2] could not open port COM6: [Errno 2] No such file or directory: 'COM6' (COM port busy? Close other apps using the scale.)
2026-03-05 22:42:07,463 | INFO | app.scale.reader | Connecting to COM6 @ 9600...
2026-03-05 22:42:07,463 | ERROR | app.scale.reader | Serial error: [Errno 2] could not open port COM6: [Errno 2] No such file or directory: 'COM6' (COM port busy? Close other apps using the scale.)
2026-03-05 22:42:09,469 | INFO | app.scale.reader | Connecting to COM6 @ 9600...
2026-03-05 22:42:09,470 | ERROR | app.scale.reader | Serial error: [Errno 2] could not open port COM6: [Errno 2] No such file or directory: 'COM6' (COM port busy? Close other apps using the scale.)
2026-03-05 22:42:11,474 | INFO | app.scale.reader | Connecting to COM6 @ 9600...
2026-03-05 22:42:11,474 | ERROR | app.scale.reader | Serial error: [Errno 2] could not open port COM6: [Errno 2] No such file or directory: 'COM6' (COM port busy? Close other apps using the scale.)
2026-03-05 22:42:13,478 | INFO | app.scale.reader | Connecting to COM6 @ 9600...
2026-03-05 22:42:13,479 | ERROR | app.scale.reader | Serial error: [Errno 2] could not open port COM6: [Errno 2] No such file or directory: 'COM6' (COM port busy? Close other apps using the scale.)
2026-03-05 22:42:15,484 | INFO | app.scale.reader | Connecting to COM6 @ 9600...
2026-03-05 22:42:15,485 | ERROR | app.scale.reader | Serial error: [Errno 2] could not open port COM6: [Errno 2] No such file or directory: 'COM6' (COM port busy? Close other apps using the scale.)
2026-03-05 22:42:17,488 | INFO | app.scale.reader | Connecting to COM6 @ 9600...
2026-03-05 22:42:17,489 | ERROR | app.scale.reader | Serial error: [Errno 2] could not open port COM6: [Errno 2] No such file or directory: 'COM6' (COM port busy? Close other apps using the scale.)
2026-03-05 22:42:19,494 | INFO | app.scale.reader | Connecting to COM6 @ 9600...
2026-03-05 22:42:19,495 | ERROR | app.scale.reader | Serial error: [Errno 2] could not open port COM6: [Errno 2] No such file or directory: 'COM6' (COM port busy? Close other apps using the scale.)
2026-03-05 22:42:21,498 | INFO | app.scale.reader | Connecting to COM6 @ 9600...
2026-03-05 22:42:21,498 | ERROR | app.scale.reader | Serial error: [Errno 2] could not open port COM6: [Errno 2] No such file or directory: 'COM6' (COM port busy? Close other apps using the scale.)
2026-03-05 22:42:23,499 | INFO | app.scale.reader | Connecting to COM6 @ 9600...
2026-03-05 22:42:23,500 | ERROR | app.scale.reader | Serial error: [Errno 2] could not open port COM6: [Errno 2] No such file or directory: 'COM6' (COM port busy? Close other apps using the scale.)
2026-03-05 22:42:25,505 | INFO | app.scale.reader | Connecting to COM6 @ 9600...
2026-03-05 22:42:25,506 | ERROR | app.scale.reader | Serial error: [Errno 2] could not open port COM6: [Errno 2] No such file or directory: 'COM6' (COM port busy? Close other apps using the scale.)
2026-03-05 22:42:27,508 | INFO | app.scale.reader | Connecting to COM6 @ 9600...
2026-03-05 22:42:27,509 | ERROR | app.scale.reader | Serial error: [Errno 2] could not open port COM6: [Errno 2] No such file or directory: 'COM6' (COM port busy? Close other apps using the scale.)
2026-03-05 22:42:29,513 | INFO | app.scale.reader | Connecting to COM6 @ 9600...
2026-03-05 22:42:29,514 | ERROR | app.scale.reader | Serial error: [Errno 2] could not open port COM6: [Errno 2] No such file or directory: 'COM6' (COM port busy? Close other apps using the scale.)
2026-03-05 22:42:31,519 | INFO | app.scale.reader | Connecting to COM6 @ 9600...
2026-03-05 22:42:31,520 | ERROR | app.scale.reader | Serial error: [Errno 2] could not open port COM6: [Errno 2] No such file or directory: 'COM6' (COM port busy? Close other apps using the scale.)
2026-03-05 22:42:33,525 | INFO | app.scale.reader | Connecting to COM6 @ 9600...
2026-03-05 22:42:33,526 | ERROR | app.scale.reader | Serial error: [Errno 2] could not open port COM6: [Errno 2] No such file or directory: 'COM6' (COM port busy? Close other apps using the scale.)
2026-03-05 22:42:35,531 | INFO | app.scale.reader | Connecting to COM6 @ 9600...
2026-03-05 22:42:35,532 | ERROR | app.scale.reader | Serial error: [Errno 2] could not open port COM6: [Errno 2] No such file or directory: 'COM6' (COM port busy? Close other apps using the scale.)
2026-03-05 22:42:37,536 | INFO | app.scale.reader | Connecting to COM6 @ 9600...
2026-03-05 22:42:37,536 | ERROR | app.scale.reader | Serial error: [Errno 2] could not open port COM6: [Errno 2] No such file or directory: 'COM6' (COM port busy? Close other apps using the scale.)
2026-03-05 22:42:39,542 | INFO | app.scale.reader | Connecting to COM6 @ 9600...
2026-03-05 22:42:39,543 | ERROR | app.scale.reader | Serial error: [Errno 2] could not open port COM6: [Errno 2] No such file or directory: 'COM6' (COM port busy? Close other apps using the scale.)
2026-03-05 22:42:41,547 | INFO | app.scale.reader | Connecting to COM6 @ 9600...
2026-03-05 22:42:41,547 | ERROR | app.scale.reader | Serial error: [Errno 2] could not open port COM6: [Errno 2] No such file or directory: 'COM6' (COM port busy? Close other apps using the scale.)
2026-03-05 22:42:43,553 | INFO | app.scale.reader | Connecting to COM6 @ 9600...
2026-03-05 22:42:43,553 | ERROR | app.scale.reader | Serial error: [Errno 2] could not open port COM6: [Errno 2] No such file or directory: 'COM6' (COM port busy? Close other apps using the scale.)
2026-03-05 22:42:45,560 | INFO | app.scale.reader | Connecting to COM6 @ 9600...
2026-03-05 22:42:45,560 | ERROR | app.scale.reader | Serial error: [Errno 2] could not open port COM6: [Errno 2] No such file or directory: 'COM6' (COM port busy? Close other apps using the scale.)
2026-03-05 22:42:47,565 | INFO | app.scale.reader | Connecting to COM6 @ 9600...
2026-03-05 22:42:47,565 | ERROR | app.scale.reader | Serial error: [Errno 2] could not open port COM6: [Errno 2] No such file or directory: 'COM6' (COM port busy? Close other apps using the scale.)
2026-03-05 22:42:49,567 | INFO | app.scale.reader | Connecting to COM6 @ 9600...
2026-03-05 22:42:49,568 | ERROR | app.scale.reader | Serial error: [Errno 2] could not open port COM6: [Errno 2] No such file or directory: 'COM6' (COM port busy? Close other apps using the scale.)
2026-03-05 22:42:51,573 | INFO | app.scale.reader | Connecting to COM6 @ 9600...
2026-03-05 22:42:51,574 | ERROR | app.scale.reader | Serial error: [Errno 2] could not open port COM6: [Errno 2] No such file or directory: 'COM6' (COM port busy? Close other apps using the scale.)
2026-03-05 22:42:53,576 | INFO | app.scale.reader | Connecting to COM6 @ 9600...
2026-03-05 22:42:53,577 | ERROR | app.scale.reader | Serial error: [Errno 2] could not open port COM6: [Errno 2] No such file or directory: 'COM6' (COM port busy? Close other apps using the scale.)
2026-03-05 22:42:55,582 | INFO | app.scale.reader | Connecting to COM6 @ 9600...
2026-03-05 22:42:55,582 | ERROR | app.scale.reader | Serial error: [Errno 2] could not open port COM6: [Errno 2] No such file or directory: 'COM6' (COM port busy? Close other apps using the scale.)
2026-03-05 22:42:57,585 | INFO | app.scale.reader | Connecting to COM6 @ 9600...
2026-03-05 22:42:57,586 | ERROR | app.scale.reader | Serial error: [Errno 2] could not open port COM6: [Errno 2] No such file or directory: 'COM6' (COM port busy? Close other apps using the scale.)
2026-03-05 22:42:59,587 | INFO | app.scale.reader | Connecting to COM6 @ 9600...
2026-03-05 22:42:59,587 | ERROR | app.scale.reader | Serial error: [Errno 2] could not open port COM6: [Errno 2] No such file or directory: 'COM6' (COM port busy? Close other apps using the scale.)
2026-03-05 22:43:01,591 | INFO | app.scale.reader | Connecting to COM6 @ 9600...
2026-03-05 22:43:01,592 | ERROR | app.scale.reader | Serial error: [Errno 2] could not open port COM6: [Errno 2] No such file or directory: 'COM6' (COM port busy? Close other apps using the scale.)
2026-03-05 22:43:03,597 | INFO | app.scale.reader | Connecting to COM6 @ 9600...
2026-03-05 22:43:03,598 | ERROR | app.scale.reader | Serial error: [Errno 2] could not open port COM6: [Errno 2] No such file or directory: 'COM6' (COM port busy? Close other apps using the scale.)
2026-03-05 22:43:05,601 | INFO | app.scale.reader | Connecting to COM6 @ 9600...
2026-03-05 22:43:05,602 | ERROR | app.scale.reader | Serial error: [Errno 2] could not open port COM6: [Errno 2] No such file or directory: 'COM6' (COM port busy? Close other apps using the scale.)
2026-03-05 22:43:07,603 | INFO | app.scale.reader | Connecting to COM6 @ 9600...
2026-03-05 22:43:07,603 | ERROR | app.scale.reader | Serial error: [Errno 2] could not open port COM6: [Errno 2] No such file or directory: 'COM6' (COM port busy? Close other apps using the scale.)
2026-03-05 22:43:09,608 | INFO | app.scale.reader | Connecting to COM6 @ 9600...
2026-03-05 22:43:09,608 | ERROR | app.scale.reader | Serial error: [Errno 2] could not open port COM6: [Errno 2] No such file or directory: 'COM6' (COM port busy? Close other apps using the scale.)
2026-03-05 22:58:46,193 | INFO | root | === POS Scale App started ===
2026-03-05 22:58:46,310 | INFO | app.ui.main_window | Main window ready
2026-03-05 22:58:46,420 | INFO | app.scale.reader | Connecting to COM6 @ 9600...
2026-03-05 22:58:46,420 | ERROR | app.scale.reader | Serial error: [Errno 2] could not open port COM6: [Errno 2] No such file or directory: 'COM6' (COM port busy? Close other apps using the scale.)
2026-03-05 22:58:48,425 | INFO | app.scale.reader | Connecting to COM6 @ 9600...
2026-03-05 22:58:48,425 | ERROR | app.scale.reader | Serial error: [Errno 2] could not open port COM6: [Errno 2] No such file or directory: 'COM6' (COM port busy? Close other apps using the scale.)
2026-03-05 22:58:50,431 | INFO | app.scale.reader | Connecting to COM6 @ 9600...
2026-03-05 22:58:50,434 | ERROR | app.scale.reader | Serial error: [Errno 2] could not open port COM6: [Errno 2] No such file or directory: 'COM6' (COM port busy? Close other apps using the scale.)
2026-03-05 22:58:52,437 | INFO | app.scale.reader | Connecting to COM6 @ 9600...
2026-03-05 22:58:52,438 | ERROR | app.scale.reader | Serial error: [Errno 2] could not open port COM6: [Errno 2] No such file or directory: 'COM6' (COM port busy? Close other apps using the scale.)
2026-03-05 22:58:54,438 | INFO | app.scale.reader | Connecting to COM6 @ 9600...
2026-03-05 22:58:54,439 | ERROR | app.scale.reader | Serial error: [Errno 2] could not open port COM6: [Errno 2] No such file or directory: 'COM6' (COM port busy? Close other apps using the scale.)
2026-03-05 22:58:56,444 | INFO | app.scale.reader | Connecting to COM6 @ 9600...
2026-03-05 22:58:56,445 | ERROR | app.scale.reader | Serial error: [Errno 2] could not open port COM6: [Errno 2] No such file or directory: 'COM6' (COM port busy? Close other apps using the scale.)
2026-03-05 22:58:58,449 | INFO | app.scale.reader | Connecting to COM6 @ 9600...
2026-03-05 22:58:58,450 | ERROR | app.scale.reader | Serial error: [Errno 2] could not open port COM6: [Errno 2] No such file or directory: 'COM6' (COM port busy? Close other apps using the scale.)
2026-03-05 22:59:00,456 | INFO | app.scale.reader | Connecting to COM6 @ 9600...
2026-03-05 22:59:00,456 | ERROR | app.scale.reader | Serial error: [Errno 2] could not open port COM6: [Errno 2] No such file or directory: 'COM6' (COM port busy? Close other apps using the scale.)
2026-03-05 22:59:02,458 | INFO | app.scale.reader | Connecting to COM6 @ 9600...
2026-03-05 22:59:02,458 | ERROR | app.scale.reader | Serial error: [Errno 2] could not open port COM6: [Errno 2] No such file or directory: 'COM6' (COM port busy? Close other apps using the scale.)
2026-03-05 22:59:04,463 | INFO | app.scale.reader | Connecting to COM6 @ 9600...
2026-03-05 22:59:04,464 | ERROR | app.scale.reader | Serial error: [Errno 2] could not open port COM6: [Errno 2] No such file or directory: 'COM6' (COM port busy? Close other apps using the scale.)
2026-03-05 22:59:06,470 | INFO | app.scale.reader | Connecting to COM6 @ 9600...
2026-03-05 22:59:06,471 | ERROR | app.scale.reader | Serial error: [Errno 2] could not open port COM6: [Errno 2] No such file or directory: 'COM6' (COM port busy? Close other apps using the scale.)
2026-03-05 22:59:08,478 | INFO | app.scale.reader | Connecting to COM6 @ 9600...
2026-03-05 22:59:08,480 | ERROR | app.scale.reader | Serial error: [Errno 2] could not open port COM6: [Errno 2] No such file or directory: 'COM6' (COM port busy? Close other apps using the scale.)
2026-03-05 22:59:10,485 | INFO | app.scale.reader | Connecting to COM6 @ 9600...
2026-03-05 22:59:10,487 | ERROR | app.scale.reader | Serial error: [Errno 2] could not open port COM6: [Errno 2] No such file or directory: 'COM6' (COM port busy? Close other apps using the scale.)
2026-03-05 22:59:12,491 | INFO | app.scale.reader | Connecting to COM6 @ 9600...
2026-03-05 22:59:12,491 | ERROR | app.scale.reader | Serial error: [Errno 2] could not open port COM6: [Errno 2] No such file or directory: 'COM6' (COM port busy? Close other apps using the scale.)
2026-03-05 22:59:14,496 | INFO | app.scale.reader | Connecting to COM6 @ 9600...
2026-03-05 22:59:14,497 | ERROR | app.scale.reader | Serial error: [Errno 2] could not open port COM6: [Errno 2] No such file or directory: 'COM6' (COM port busy? Close other apps using the scale.)
2026-03-05 22:59:16,497 | INFO | app.scale.reader | Connecting to COM6 @ 9600...
2026-03-05 22:59:16,498 | ERROR | app.scale.reader | Serial error: [Errno 2] could not open port COM6: [Errno 2] No such file or directory: 'COM6' (COM port busy? Close other apps using the scale.)
2026-03-05 22:59:18,501 | INFO | app.scale.reader | Connecting to COM6 @ 9600...
2026-03-05 22:59:18,501 | ERROR | app.scale.reader | Serial error: [Errno 2] could not open port COM6: [Errno 2] No such file or directory: 'COM6' (COM port busy? Close other apps using the scale.)
2026-03-05 22:59:20,506 | INFO | app.scale.reader | Connecting to COM6 @ 9600...
2026-03-05 22:59:20,507 | ERROR | app.scale.reader | Serial error: [Errno 2] could not open port COM6: [Errno 2] No such file or directory: 'COM6' (COM port busy? Close other apps using the scale.)
2026-03-05 22:59:22,513 | INFO | app.scale.reader | Connecting to COM6 @ 9600...
2026-03-05 22:59:22,514 | ERROR | app.scale.reader | Serial error: [Errno 2] could not open port COM6: [Errno 2] No such file or directory: 'COM6' (COM port busy? Close other apps using the scale.)
2026-03-05 22:59:24,519 | INFO | app.scale.reader | Connecting to COM6 @ 9600...
2026-03-05 22:59:24,520 | ERROR | app.scale.reader | Serial error: [Errno 2] could not open port COM6: [Errno 2] No such file or directory: 'COM6' (COM port busy? Close other apps using the scale.)
2026-03-05 22:59:26,522 | INFO | app.scale.reader | Connecting to COM6 @ 9600...
2026-03-05 22:59:26,523 | ERROR | app.scale.reader | Serial error: [Errno 2] could not open port COM6: [Errno 2] No such file or directory: 'COM6' (COM port busy? Close other apps using the scale.)
2026-03-05 22:59:28,527 | INFO | app.scale.reader | Connecting to COM6 @ 9600...
2026-03-05 22:59:28,528 | ERROR | app.scale.reader | Serial error: [Errno 2] could not open port COM6: [Errno 2] No such file or directory: 'COM6' (COM port busy? Close other apps using the scale.)
2026-03-05 22:59:30,533 | INFO | app.scale.reader | Connecting to COM6 @ 9600...
2026-03-05 22:59:30,534 | ERROR | app.scale.reader | Serial error: [Errno 2] could not open port COM6: [Errno 2] No such file or directory: 'COM6' (COM port busy? Close other apps using the scale.)
2026-03-05 22:59:34,707 | INFO | root | === POS Scale App started ===
2026-03-05 22:59:34,793 | INFO | app.ui.main_window | Main window ready
2026-03-05 22:59:34,894 | INFO | app.scale.reader | Connecting to COM6 @ 9600...
2026-03-05 22:59:34,894 | ERROR | app.scale.reader | Serial error: [Errno 2] could not open port COM6: [Errno 2] No such file or directory: 'COM6' (COM port busy? Close other apps using the scale.)
2026-03-05 22:59:36,899 | INFO | app.scale.reader | Connecting to COM6 @ 9600...
2026-03-05 22:59:36,900 | ERROR | app.scale.reader | Serial error: [Errno 2] could not open port COM6: [Errno 2] No such file or directory: 'COM6' (COM port busy? Close other apps using the scale.)
2026-03-05 22:59:38,903 | INFO | app.scale.reader | Connecting to COM6 @ 9600...
2026-03-05 22:59:38,904 | ERROR | app.scale.reader | Serial error: [Errno 2] could not open port COM6: [Errno 2] No such file or directory: 'COM6' (COM port busy? Close other apps using the scale.)
2026-03-05 22:59:40,904 | INFO | app.scale.reader | Connecting to COM6 @ 9600...
2026-03-05 22:59:40,905 | ERROR | app.scale.reader | Serial error: [Errno 2] could not open port COM6: [Errno 2] No such file or directory: 'COM6' (COM port busy? Close other apps using the scale.)
2026-03-05 22:59:42,909 | INFO | app.scale.reader | Connecting to COM6 @ 9600...
2026-03-05 22:59:42,910 | ERROR | app.scale.reader | Serial error: [Errno 2] could not open port COM6: [Errno 2] No such file or directory: 'COM6' (COM port busy? Close other apps using the scale.)
2026-03-05 22:59:44,915 | INFO | app.scale.reader | Connecting to COM6 @ 9600...
2026-03-05 22:59:44,915 | ERROR | app.scale.reader | Serial error: [Errno 2] could not open port COM6: [Errno 2] No such file or directory: 'COM6' (COM port busy? Close other apps using the scale.)
2026-03-05 22:59:46,919 | INFO | app.scale.reader | Connecting to COM6 @ 9600...
2026-03-05 22:59:46,920 | ERROR | app.scale.reader | Serial error: [Errno 2] could not open port COM6: [Errno 2] No such file or directory: 'COM6' (COM port busy? Close other apps using the scale.)
2026-03-05 22:59:48,922 | INFO | app.scale.reader | Connecting to COM6 @ 9600...
2026-03-05 22:59:48,923 | ERROR | app.scale.reader | Serial error: [Errno 2] could not open port COM6: [Errno 2] No such file or directory: 'COM6' (COM port busy? Close other apps using the scale.)
2026-03-05 22:59:50,928 | INFO | app.scale.reader | Connecting to COM6 @ 9600...
2026-03-05 22:59:50,929 | ERROR | app.scale.reader | Serial error: [Errno 2] could not open port COM6: [Errno 2] No such file or directory: 'COM6' (COM port busy? Close other apps using the scale.)
2026-03-05 22:59:52,934 | INFO | app.scale.reader | Connecting to COM6 @ 9600...
2026-03-05 22:59:52,935 | ERROR | app.scale.reader | Serial error: [Errno 2] could not open port COM6: [Errno 2] No such file or directory: 'COM6' (COM port busy? Close other apps using the scale.)
2026-03-05 22:59:54,940 | INFO | app.scale.reader | Connecting to COM6 @ 9600...
2026-03-05 22:59:54,940 | ERROR | app.scale.reader | Serial error: [Errno 2] could not open port COM6: [Errno 2] No such file or directory: 'COM6' (COM port busy? Close other apps using the scale.)
2026-03-05 22:59:56,945 | INFO | app.scale.reader | Connecting to COM6 @ 9600...
2026-03-05 22:59:56,946 | ERROR | app.scale.reader | Serial error: [Errno 2] could not open port COM6: [Errno 2] No such file or directory: 'COM6' (COM port busy? Close other apps using the scale.)
2026-03-05 22:59:58,948 | INFO | app.scale.reader | Connecting to COM6 @ 9600...
2026-03-05 22:59:58,948 | ERROR | app.scale.reader | Serial error: [Errno 2] could not open port COM6: [Errno 2] No such file or directory: 'COM6' (COM port busy? Close other apps using the scale.)
2026-03-05 23:00:00,953 | INFO | app.scale.reader | Connecting to COM6 @ 9600...
2026-03-05 23:00:00,954 | ERROR | app.scale.reader | Serial error: [Errno 2] could not open port COM6: [Errno 2] No such file or directory: 'COM6' (COM port busy? Close other apps using the scale.)
2026-03-05 23:00:02,959 | INFO | app.scale.reader | Connecting to COM6 @ 9600...
2026-03-05 23:00:02,960 | ERROR | app.scale.reader | Serial error: [Errno 2] could not open port COM6: [Errno 2] No such file or directory: 'COM6' (COM port busy? Close other apps using the scale.)
2026-03-05 23:00:04,965 | INFO | app.scale.reader | Connecting to COM6 @ 9600...
2026-03-05 23:00:04,965 | ERROR | app.scale.reader | Serial error: [Errno 2] could not open port COM6: [Errno 2] No such file or directory: 'COM6' (COM port busy? Close other apps using the scale.)
2026-03-05 23:00:06,969 | INFO | app.scale.reader | Connecting to COM6 @ 9600...
2026-03-05 23:00:06,969 | ERROR | app.scale.reader | Serial error: [Errno 2] could not open port COM6: [Errno 2] No such file or directory: 'COM6' (COM port busy? Close other apps using the scale.)
2026-03-05 23:00:08,974 | INFO | app.scale.reader | Connecting to COM6 @ 9600...
2026-03-05 23:00:08,975 | ERROR | app.scale.reader | Serial error: [Errno 2] could not open port COM6: [Errno 2] No such file or directory: 'COM6' (COM port busy? Close other apps using the scale.)
2026-03-05 23:00:10,979 | INFO | app.scale.reader | Connecting to COM6 @ 9600...
2026-03-05 23:00:10,980 | ERROR | app.scale.reader | Serial error: [Errno 2] could not open port COM6: [Errno 2] No such file or directory: 'COM6' (COM port busy? Close other apps using the scale.)
2026-03-05 23:00:12,985 | INFO | app.scale.reader | Connecting to COM6 @ 9600...
2026-03-05 23:00:12,985 | ERROR | app.scale.reader | Serial error: [Errno 2] could not open port COM6: [Errno 2] No such file or directory: 'COM6' (COM port busy? Close other apps using the scale.)
2026-03-05 23:00:14,985 | INFO | app.scale.reader | Connecting to COM6 @ 9600...
2026-03-05 23:00:14,986 | ERROR | app.scale.reader | Serial error: [Errno 2] could not open port COM6: [Errno 2] No such file or directory: 'COM6' (COM port busy? Close other apps using the scale.)
2026-03-05 23:01:21,412 | INFO | root | === POS Scale App started ===
2026-03-05 23:01:21,528 | INFO | app.ui.main_window | Main window ready
2026-03-05 23:01:21,633 | INFO | app.scale.reader | Connecting to COM6 @ 9600...
2026-03-05 23:01:21,633 | ERROR | app.scale.reader | Serial error: [Errno 2] could not open port COM6: [Errno 2] No such file or directory: 'COM6' (COM port busy? Close other apps using the scale.)
2026-03-05 23:01:23,639 | INFO | app.scale.reader | Connecting to COM6 @ 9600...
2026-03-05 23:01:23,640 | ERROR | app.scale.reader | Serial error: [Errno 2] could not open port COM6: [Errno 2] No such file or directory: 'COM6' (COM port busy? Close other apps using the scale.)
2026-03-05 23:01:25,643 | INFO | app.scale.reader | Connecting to COM6 @ 9600...
2026-03-05 23:01:25,643 | ERROR | app.scale.reader | Serial error: [Errno 2] could not open port COM6: [Errno 2] No such file or directory: 'COM6' (COM port busy? Close other apps using the scale.)
2026-03-05 23:01:27,648 | INFO | app.scale.reader | Connecting to COM6 @ 9600...
2026-03-05 23:01:27,649 | ERROR | app.scale.reader | Serial error: [Errno 2] could not open port COM6: [Errno 2] No such file or directory: 'COM6' (COM port busy? Close other apps using the scale.)
2026-03-05 23:01:55,312 | INFO | root | === POS Scale App started ===
2026-03-05 23:01:55,413 | INFO | app.ui.main_window | Main window ready
2026-03-05 23:01:55,570 | INFO | app.scale.reader | Connecting to COM6 @ 9600...
2026-03-05 23:01:55,570 | ERROR | app.scale.reader | Serial error: [Errno 2] could not open port COM6: [Errno 2] No such file or directory: 'COM6' (COM port busy? Close other apps using the scale.)
2026-03-05 23:01:57,572 | INFO | app.scale.reader | Connecting to COM6 @ 9600...
2026-03-05 23:01:57,573 | ERROR | app.scale.reader | Serial error: [Errno 2] could not open port COM6: [Errno 2] No such file or directory: 'COM6' (COM port busy? Close other apps using the scale.)
2026-03-05 23:01:59,578 | INFO | app.scale.reader | Connecting to COM6 @ 9600...
2026-03-05 23:01:59,579 | ERROR | app.scale.reader | Serial error: [Errno 2] could not open port COM6: [Errno 2] No such file or directory: 'COM6' (COM port busy? Close other apps using the scale.)
2026-03-05 23:02:01,584 | INFO | app.scale.reader | Connecting to COM6 @ 9600...
2026-03-05 23:02:01,585 | ERROR | app.scale.reader | Serial error: [Errno 2] could not open port COM6: [Errno 2] No such file or directory: 'COM6' (COM port busy? Close other apps using the scale.)
2026-03-05 23:02:03,588 | INFO | app.scale.reader | Connecting to COM6 @ 9600...
2026-03-05 23:02:03,590 | ERROR | app.scale.reader | Serial error: [Errno 2] could not open port COM6: [Errno 2] No such file or directory: 'COM6' (COM port busy? Close other apps using the scale.)
2026-03-05 23:02:05,593 | INFO | app.scale.reader | Connecting to COM6 @ 9600...
2026-03-05 23:02:05,594 | ERROR | app.scale.reader | Serial error: [Errno 2] could not open port COM6: [Errno 2] No such file or directory: 'COM6' (COM port busy? Close other apps using the scale.)
2026-03-05 23:02:07,598 | INFO | app.scale.reader | Connecting to COM6 @ 9600...
2026-03-05 23:02:07,598 | ERROR | app.scale.reader | Serial error: [Errno 2] could not open port COM6: [Errno 2] No such file or directory: 'COM6' (COM port busy? Close other apps using the scale.)
2026-03-05 23:02:09,602 | INFO | app.scale.reader | Connecting to COM6 @ 9600...
2026-03-05 23:02:09,602 | ERROR | app.scale.reader | Serial error: [Errno 2] could not open port COM6: [Errno 2] No such file or directory: 'COM6' (COM port busy? Close other apps using the scale.)
2026-03-05 23:02:11,607 | INFO | app.scale.reader | Connecting to COM6 @ 9600...
2026-03-05 23:02:11,607 | ERROR | app.scale.reader | Serial error: [Errno 2] could not open port COM6: [Errno 2] No such file or directory: 'COM6' (COM port busy? Close other apps using the scale.)
2026-03-05 23:02:13,609 | INFO | app.scale.reader | Connecting to COM6 @ 9600...
2026-03-05 23:02:13,610 | ERROR | app.scale.reader | Serial error: [Errno 2] could not open port COM6: [Errno 2] No such file or directory: 'COM6' (COM port busy? Close other apps using the scale.)
2026-03-05 23:02:15,611 | INFO | app.scale.reader | Connecting to COM6 @ 9600...
2026-03-05 23:02:15,611 | ERROR | app.scale.reader | Serial error: [Errno 2] could not open port COM6: [Errno 2] No such file or directory: 'COM6' (COM port busy? Close other apps using the scale.)
2026-03-05 23:02:17,613 | INFO | app.scale.reader | Connecting to COM6 @ 9600...
2026-03-05 23:02:17,615 | ERROR | app.scale.reader | Serial error: [Errno 2] could not open port COM6: [Errno 2] No such file or directory: 'COM6' (COM port busy? Close other apps using the scale.)
2026-03-05 23:02:19,620 | INFO | app.scale.reader | Connecting to COM6 @ 9600...
2026-03-05 23:02:19,621 | ERROR | app.scale.reader | Serial error: [Errno 2] could not open port COM6: [Errno 2] No such file or directory: 'COM6' (COM port busy? Close other apps using the scale.)
2026-03-05 23:02:21,626 | INFO | app.scale.reader | Connecting to COM6 @ 9600...
2026-03-05 23:02:21,626 | ERROR | app.scale.reader | Serial error: [Errno 2] could not open port COM6: [Errno 2] No such file or directory: 'COM6' (COM port busy? Close other apps using the scale.)
2026-03-05 23:02:23,631 | INFO | app.scale.reader | Connecting to COM6 @ 9600...
2026-03-05 23:02:23,632 | ERROR | app.scale.reader | Serial error: [Errno 2] could not open port COM6: [Errno 2] No such file or directory: 'COM6' (COM port busy? Close other apps using the scale.)
2026-03-05 23:02:25,635 | INFO | app.scale.reader | Connecting to COM6 @ 9600...
2026-03-05 23:02:25,635 | ERROR | app.scale.reader | Serial error: [Errno 2] could not open port COM6: [Errno 2] No such file or directory: 'COM6' (COM port busy? Close other apps using the scale.)
2026-03-05 23:02:27,640 | INFO | app.scale.reader | Connecting to COM6 @ 9600...
2026-03-05 23:02:27,641 | ERROR | app.scale.reader | Serial error: [Errno 2] could not open port COM6: [Errno 2] No such file or directory: 'COM6' (COM port busy? Close other apps using the scale.)
2026-03-05 23:02:29,641 | INFO | app.scale.reader | Connecting to COM6 @ 9600...
2026-03-05 23:02:29,642 | ERROR | app.scale.reader | Serial error: [Errno 2] could not open port COM6: [Errno 2] No such file or directory: 'COM6' (COM port busy? Close other apps using the scale.)
2026-03-05 23:02:31,647 | INFO | app.scale.reader | Connecting to COM6 @ 9600...
2026-03-05 23:02:31,648 | ERROR | app.scale.reader | Serial error: [Errno 2] could not open port COM6: [Errno 2] No such file or directory: 'COM6' (COM port busy? Close other apps using the scale.)
2026-03-05 23:02:33,652 | INFO | app.scale.reader | Connecting to COM6 @ 9600...
2026-03-05 23:02:33,653 | ERROR | app.scale.reader | Serial error: [Errno 2] could not open port COM6: [Errno 2] No such file or directory: 'COM6' (COM port busy? Close other apps using the scale.)
2026-03-05 23:02:35,655 | INFO | app.scale.reader | Connecting to COM6 @ 9600...
2026-03-05 23:02:35,655 | ERROR | app.scale.reader | Serial error: [Errno 2] could not open port COM6: [Errno 2] No such file or directory: 'COM6' (COM port busy? Close other apps using the scale.)
2026-03-05 23:02:37,659 | INFO | app.scale.reader | Connecting to COM6 @ 9600...
2026-03-05 23:02:37,660 | ERROR | app.scale.reader | Serial error: [Errno 2] could not open port COM6: [Errno 2] No such file or directory: 'COM6' (COM port busy? Close other apps using the scale.)
2026-03-05 23:02:39,663 | INFO | app.scale.reader | Connecting to COM6 @ 9600...
2026-03-05 23:02:39,663 | ERROR | app.scale.reader | Serial error: [Errno 2] could not open port COM6: [Errno 2] No such file or directory: 'COM6' (COM port busy? Close other apps using the scale.)
2026-03-05 23:02:41,668 | INFO | app.scale.reader | Connecting to COM6 @ 9600...
2026-03-05 23:02:41,669 | ERROR | app.scale.reader | Serial error: [Errno 2] could not open port COM6: [Errno 2] No such file or directory: 'COM6' (COM port busy? Close other apps using the scale.)
2026-03-05 23:02:43,674 | INFO | app.scale.reader | Connecting to COM6 @ 9600...
2026-03-05 23:02:43,674 | ERROR | app.scale.reader | Serial error: [Errno 2] could not open port COM6: [Errno 2] No such file or directory: 'COM6' (COM port busy? Close other apps using the scale.)
2026-03-05 23:02:45,679 | INFO | app.scale.reader | Connecting to COM6 @ 9600...
2026-03-05 23:02:45,681 | ERROR | app.scale.reader | Serial error: [Errno 2] could not open port COM6: [Errno 2] No such file or directory: 'COM6' (COM port busy? Close other apps using the scale.)
2026-03-05 23:02:47,684 | INFO | app.scale.reader | Connecting to COM6 @ 9600...
2026-03-05 23:02:47,684 | ERROR | app.scale.reader | Serial error: [Errno 2] could not open port COM6: [Errno 2] No such file or directory: 'COM6' (COM port busy? Close other apps using the scale.)
2026-03-05 23:02:49,686 | INFO | app.scale.reader | Connecting to COM6 @ 9600...
2026-03-05 23:02:49,686 | ERROR | app.scale.reader | Serial error: [Errno 2] could not open port COM6: [Errno 2] No such file or directory: 'COM6' (COM port busy? Close other apps using the scale.)
2026-03-05 23:02:51,691 | INFO | app.scale.reader | Connecting to COM6 @ 9600...
2026-03-05 23:02:51,691 | ERROR | app.scale.reader | Serial error: [Errno 2] could not open port COM6: [Errno 2] No such file or directory: 'COM6' (COM port busy? Close other apps using the scale.)
2026-03-05 23:02:53,696 | INFO | app.scale.reader | Connecting to COM6 @ 9600...
2026-03-05 23:02:53,697 | ERROR | app.scale.reader | Serial error: [Errno 2] could not open port COM6: [Errno 2] No such file or directory: 'COM6' (COM port busy? Close other apps using the scale.)
2026-03-05 23:02:55,700 | INFO | app.scale.reader | Connecting to COM6 @ 9600...
2026-03-05 23:02:55,701 | ERROR | app.scale.reader | Serial error: [Errno 2] could not open port COM6: [Errno 2] No such file or directory: 'COM6' (COM port busy? Close other apps using the scale.)
2026-03-05 23:02:57,706 | INFO | app.scale.reader | Connecting to COM6 @ 9600...
2026-03-05 23:02:57,707 | ERROR | app.scale.reader | Serial error: [Errno 2] could not open port COM6: [Errno 2] No such file or directory: 'COM6' (COM port busy? Close other apps using the scale.)
2026-03-05 23:02:59,712 | INFO | app.scale.reader | Connecting to COM6 @ 9600...
2026-03-05 23:02:59,712 | ERROR | app.scale.reader | Serial error: [Errno 2] could not open port COM6: [Errno 2] No such file or directory: 'COM6' (COM port busy? Close other apps using the scale.)
2026-03-05 23:03:01,717 | INFO | app.scale.reader | Connecting to COM6 @ 9600...
2026-03-05 23:03:01,718 | ERROR | app.scale.reader | Serial error: [Errno 2] could not open port COM6: [Errno 2] No such file or directory: 'COM6' (COM port busy? Close other apps using the scale.)
2026-03-05 23:03:03,721 | INFO | app.scale.reader | Connecting to COM6 @ 9600...
2026-03-05 23:03:03,722 | ERROR | app.scale.reader | Serial error: [Errno 2] could not open port COM6: [Errno 2] No such file or directory: 'COM6' (COM port busy? Close other apps using the scale.)
2026-03-05 23:03:05,726 | INFO | app.scale.reader | Connecting to COM6 @ 9600...
2026-03-05 23:03:05,727 | ERROR | app.scale.reader | Serial error: [Errno 2] could not open port COM6: [Errno 2] No such file or directory: 'COM6' (COM port busy? Close other apps using the scale.)
2026-03-05 23:03:07,732 | INFO | app.scale.reader | Connecting to COM6 @ 9600...
2026-03-05 23:03:07,732 | ERROR | app.scale.reader | Serial error: [Errno 2] could not open port COM6: [Errno 2] No such file or directory: 'COM6' (COM port busy? Close other apps using the scale.)
2026-03-05 23:03:09,735 | INFO | app.scale.reader | Connecting to COM6 @ 9600...
2026-03-05 23:03:09,736 | ERROR | app.scale.reader | Serial error: [Errno 2] could not open port COM6: [Errno 2] No such file or directory: 'COM6' (COM port busy? Close other apps using the scale.)
2026-03-05 23:03:11,740 | INFO | app.scale.reader | Connecting to COM6 @ 9600...
2026-03-05 23:03:11,740 | ERROR | app.scale.reader | Serial error: [Errno 2] could not open port COM6: [Errno 2] No such file or directory: 'COM6' (COM port busy? Close other apps using the scale.)
2026-03-05 23:03:13,742 | INFO | app.scale.reader | Connecting to COM6 @ 9600...
2026-03-05 23:03:13,742 | ERROR | app.scale.reader | Serial error: [Errno 2] could not open port COM6: [Errno 2] No such file or directory: 'COM6' (COM port busy? Close other apps using the scale.)
2026-03-05 23:03:15,752 | INFO | app.scale.reader | Connecting to COM6 @ 9600...
2026-03-05 23:03:15,754 | ERROR | app.scale.reader | Serial error: [Errno 2] could not open port COM6: [Errno 2] No such file or directory: 'COM6' (COM port busy? Close other apps using the scale.)
2026-03-05 23:03:17,756 | INFO | app.scale.reader | Connecting to COM6 @ 9600...
2026-03-05 23:03:17,757 | ERROR | app.scale.reader | Serial error: [Errno 2] could not open port COM6: [Errno 2] No such file or directory: 'COM6' (COM port busy? Close other apps using the scale.)
2026-03-05 23:03:19,762 | INFO | app.scale.reader | Connecting to COM6 @ 9600...
2026-03-05 23:03:19,762 | ERROR | app.scale.reader | Serial error: [Errno 2] could not open port COM6: [Errno 2] No such file or directory: 'COM6' (COM port busy? Close other apps using the scale.)
2026-03-05 23:03:21,767 | INFO | app.scale.reader | Connecting to COM6 @ 9600...
2026-03-05 23:03:21,769 | ERROR | app.scale.reader | Serial error: [Errno 2] could not open port COM6: [Errno 2] No such file or directory: 'COM6' (COM port busy? Close other apps using the scale.)
2026-03-05 23:03:23,774 | INFO | app.scale.reader | Connecting to COM6 @ 9600...
2026-03-05 23:03:23,775 | ERROR | app.scale.reader | Serial error: [Errno 2] could not open port COM6: [Errno 2] No such file or directory: 'COM6' (COM port busy? Close other apps using the scale.)
2026-03-05 23:03:25,780 | INFO | app.scale.reader | Connecting to COM6 @ 9600...
2026-03-05 23:03:25,782 | ERROR | app.scale.reader | Serial error: [Errno 2] could not open port COM6: [Errno 2] No such file or directory: 'COM6' (COM port busy? Close other apps using the scale.)
2026-03-05 23:03:27,787 | INFO | app.scale.reader | Connecting to COM6 @ 9600...
2026-03-05 23:03:27,793 | ERROR | app.scale.reader | Serial error: [Errno 2] could not open port COM6: [Errno 2] No such file or directory: 'COM6' (COM port busy? Close other apps using the scale.)
2026-03-05 23:03:29,799 | INFO | app.scale.reader | Connecting to COM6 @ 9600...
2026-03-05 23:03:29,799 | ERROR | app.scale.reader | Serial error: [Errno 2] could not open port COM6: [Errno 2] No such file or directory: 'COM6' (COM port busy? Close other apps using the scale.)
2026-03-05 23:03:31,800 | INFO | app.scale.reader | Connecting to COM6 @ 9600...
2026-03-05 23:03:31,803 | ERROR | app.scale.reader | Serial error: [Errno 2] could not open port COM6: [Errno 2] No such file or directory: 'COM6' (COM port busy? Close other apps using the scale.)
2026-03-05 23:03:33,806 | INFO | app.scale.reader | Connecting to COM6 @ 9600...
2026-03-05 23:03:33,809 | ERROR | app.scale.reader | Serial error: [Errno 2] could not open port COM6: [Errno 2] No such file or directory: 'COM6' (COM port busy? Close other apps using the scale.)
2026-03-05 23:03:35,814 | INFO | app.scale.reader | Connecting to COM6 @ 9600...
2026-03-05 23:03:35,814 | ERROR | app.scale.reader | Serial error: [Errno 2] could not open port COM6: [Errno 2] No such file or directory: 'COM6' (COM port busy? Close other apps using the scale.)
2026-03-05 23:03:37,816 | INFO | app.scale.reader | Connecting to COM6 @ 9600...
2026-03-05 23:03:37,816 | ERROR | app.scale.reader | Serial error: [Errno 2] could not open port COM6: [Errno 2] No such file or directory: 'COM6' (COM port busy? Close other apps using the scale.)
2026-03-05 23:03:39,821 | INFO | app.scale.reader | Connecting to COM6 @ 9600...
2026-03-05 23:03:39,822 | ERROR | app.scale.reader | Serial error: [Errno 2] could not open port COM6: [Errno 2] No such file or directory: 'COM6' (COM port busy? Close other apps using the scale.)
2026-03-05 23:05:35,613 | INFO | root | === POS Scale App started ===
2026-03-05 23:05:35,724 | INFO | app.ui.main_window | Main window ready
2026-03-05 23:05:35,864 | INFO | app.scale.reader | Connecting to COM6 @ 9600...
2026-03-05 23:05:35,864 | ERROR | app.scale.reader | Serial error: [Errno 2] could not open port COM6: [Errno 2] No such file or directory: 'COM6' (COM port busy? Close other apps using the scale.)
2026-03-05 23:05:37,871 | INFO | app.scale.reader | Connecting to COM6 @ 9600...
2026-03-05 23:05:37,874 | ERROR | app.scale.reader | Serial error: [Errno 2] could not open port COM6: [Errno 2] No such file or directory: 'COM6' (COM port busy? Close other apps using the scale.)
2026-03-05 23:05:39,877 | INFO | app.scale.reader | Connecting to COM6 @ 9600...
2026-03-05 23:05:39,877 | ERROR | app.scale.reader | Serial error: [Errno 2] could not open port COM6: [Errno 2] No such file or directory: 'COM6' (COM port busy? Close other apps using the scale.)
2026-03-05 23:05:41,882 | INFO | app.scale.reader | Connecting to COM6 @ 9600...
2026-03-05 23:05:41,882 | ERROR | app.scale.reader | Serial error: [Errno 2] could not open port COM6: [Errno 2] No such file or directory: 'COM6' (COM port busy? Close other apps using the scale.)
2026-03-05 23:05:43,887 | INFO | app.scale.reader | Connecting to COM6 @ 9600...
2026-03-05 23:05:43,888 | ERROR | app.scale.reader | Serial error: [Errno 2] could not open port COM6: [Errno 2] No such file or directory: 'COM6' (COM port busy? Close other apps using the scale.)
2026-03-05 23:05:45,893 | INFO | app.scale.reader | Connecting to COM6 @ 9600...
2026-03-05 23:05:45,894 | ERROR | app.scale.reader | Serial error: [Errno 2] could not open port COM6: [Errno 2] No such file or directory: 'COM6' (COM port busy? Close other apps using the scale.)
2026-03-05 23:05:47,898 | INFO | app.scale.reader | Connecting to COM6 @ 9600...
2026-03-05 23:05:47,899 | ERROR | app.scale.reader | Serial error: [Errno 2] could not open port COM6: [Errno 2] No such file or directory: 'COM6' (COM port busy? Close other apps using the scale.)
2026-03-05 23:05:49,900 | INFO | app.scale.reader | Connecting to COM6 @ 9600...
2026-03-05 23:05:49,901 | ERROR | app.scale.reader | Serial error: [Errno 2] could not open port COM6: [Errno 2] No such file or directory: 'COM6' (COM port busy? Close other apps using the scale.)
2026-03-05 23:05:51,905 | INFO | app.scale.reader | Connecting to COM6 @ 9600...
2026-03-05 23:05:51,906 | ERROR | app.scale.reader | Serial error: [Errno 2] could not open port COM6: [Errno 2] No such file or directory: 'COM6' (COM port busy? Close other apps using the scale.)
2026-03-05 23:05:53,908 | INFO | app.scale.reader | Connecting to COM6 @ 9600...
2026-03-05 23:05:53,909 | ERROR | app.scale.reader | Serial error: [Errno 2] could not open port COM6: [Errno 2] No such file or directory: 'COM6' (COM port busy? Close other apps using the scale.)
2026-03-05 23:05:55,910 | INFO | app.scale.reader | Connecting to COM6 @ 9600...
2026-03-05 23:05:55,911 | ERROR | app.scale.reader | Serial error: [Errno 2] could not open port COM6: [Errno 2] No such file or directory: 'COM6' (COM port busy? Close other apps using the scale.)
2026-03-05 23:05:57,914 | INFO | app.scale.reader | Connecting to COM6 @ 9600...
2026-03-05 23:05:57,915 | ERROR | app.scale.reader | Serial error: [Errno 2] could not open port COM6: [Errno 2] No such file or directory: 'COM6' (COM port busy? Close other apps using the scale.)
2026-03-05 23:05:59,917 | INFO | app.scale.reader | Connecting to COM6 @ 9600...
2026-03-05 23:05:59,919 | ERROR | app.scale.reader | Serial error: [Errno 2] could not open port COM6: [Errno 2] No such file or directory: 'COM6' (COM port busy? Close other apps using the scale.)
2026-03-05 23:06:01,919 | INFO | app.scale.reader | Connecting to COM6 @ 9600...
2026-03-05 23:06:01,920 | ERROR | app.scale.reader | Serial error: [Errno 2] could not open port COM6: [Errno 2] No such file or directory: 'COM6' (COM port busy? Close other apps using the scale.)
2026-03-05 23:06:03,923 | INFO | app.scale.reader | Connecting to COM6 @ 9600...
2026-03-05 23:06:03,924 | ERROR | app.scale.reader | Serial error: [Errno 2] could not open port COM6: [Errno 2] No such file or directory: 'COM6' (COM port busy? Close other apps using the scale.)
2026-03-05 23:06:05,929 | INFO | app.scale.reader | Connecting to COM6 @ 9600...
2026-03-05 23:06:05,929 | ERROR | app.scale.reader | Serial error: [Errno 2] could not open port COM6: [Errno 2] No such file or directory: 'COM6' (COM port busy? Close other apps using the scale.)
2026-03-05 23:06:07,931 | INFO | app.scale.reader | Connecting to COM6 @ 9600...
2026-03-05 23:06:07,932 | ERROR | app.scale.reader | Serial error: [Errno 2] could not open port COM6: [Errno 2] No such file or directory: 'COM6' (COM port busy? Close other apps using the scale.)
2026-03-05 23:06:09,937 | INFO | app.scale.reader | Connecting to COM6 @ 9600...
2026-03-05 23:06:09,937 | ERROR | app.scale.reader | Serial error: [Errno 2] could not open port COM6: [Errno 2] No such file or directory: 'COM6' (COM port busy? Close other apps using the scale.)
2026-03-05 23:06:11,942 | INFO | app.scale.reader | Connecting to COM6 @ 9600...
2026-03-05 23:06:11,943 | ERROR | app.scale.reader | Serial error: [Errno 2] could not open port COM6: [Errno 2] No such file or directory: 'COM6' (COM port busy? Close other apps using the scale.)
2026-03-05 23:06:13,948 | INFO | app.scale.reader | Connecting to COM6 @ 9600...
2026-03-05 23:06:13,949 | ERROR | app.scale.reader | Serial error: [Errno 2] could not open port COM6: [Errno 2] No such file or directory: 'COM6' (COM port busy? Close other apps using the scale.)
2026-03-05 23:06:15,953 | INFO | app.scale.reader | Connecting to COM6 @ 9600...
2026-03-05 23:06:15,954 | ERROR | app.scale.reader | Serial error: [Errno 2] could not open port COM6: [Errno 2] No such file or directory: 'COM6' (COM port busy? Close other apps using the scale.)
2026-03-05 23:06:17,957 | INFO | app.scale.reader | Connecting to COM6 @ 9600...
2026-03-05 23:06:17,957 | ERROR | app.scale.reader | Serial error: [Errno 2] could not open port COM6: [Errno 2] No such file or directory: 'COM6' (COM port busy? Close other apps using the scale.)
2026-03-05 23:06:19,962 | INFO | app.scale.reader | Connecting to COM6 @ 9600...
2026-03-05 23:06:19,962 | ERROR | app.scale.reader | Serial error: [Errno 2] could not open port COM6: [Errno 2] No such file or directory: 'COM6' (COM port busy? Close other apps using the scale.)
2026-03-05 23:12:54,834 | INFO | root | === POS Scale App started ===
2026-03-05 23:12:55,071 | INFO | app.ui.main_window | Main window ready
2026-03-05 23:12:55,114 | INFO | app.scale.reader | Connecting to COM6 @ 9600...
2026-03-05 23:12:55,114 | ERROR | app.scale.reader | Serial error: [Errno 2] could not open port COM6: [Errno 2] No such file or directory: 'COM6' (COM port busy? Close other apps using the scale.)
2026-03-05 23:12:57,120 | INFO | app.scale.reader | Connecting to COM6 @ 9600...
2026-03-05 23:12:57,123 | ERROR | app.scale.reader | Serial error: [Errno 2] could not open port COM6: [Errno 2] No such file or directory: 'COM6' (COM port busy? Close other apps using the scale.)
2026-03-05 23:12:59,128 | INFO | app.scale.reader | Connecting to COM6 @ 9600...
2026-03-05 23:12:59,128 | ERROR | app.scale.reader | Serial error: [Errno 2] could not open port COM6: [Errno 2] No such file or directory: 'COM6' (COM port busy? Close other apps using the scale.)
2026-03-05 23:13:01,132 | INFO | app.scale.reader | Connecting to COM6 @ 9600...
2026-03-05 23:13:01,132 | ERROR | app.scale.reader | Serial error: [Errno 2] could not open port COM6: [Errno 2] No such file or directory: 'COM6' (COM port busy? Close other apps using the scale.)
2026-03-05 23:13:03,132 | INFO | app.scale.reader | Connecting to COM6 @ 9600...
2026-03-05 23:13:03,134 | ERROR | app.scale.reader | Serial error: [Errno 2] could not open port COM6: [Errno 2] No such file or directory: 'COM6' (COM port busy? Close other apps using the scale.)
2026-03-05 23:13:05,139 | INFO | app.scale.reader | Connecting to COM6 @ 9600...
2026-03-05 23:13:05,140 | ERROR | app.scale.reader | Serial error: [Errno 2] could not open port COM6: [Errno 2] No such file or directory: 'COM6' (COM port busy? Close other apps using the scale.)
2026-03-05 23:17:13,658 | INFO | root | === POS Scale App started ===
2026-03-05 23:17:13,892 | INFO | app.ui.main_window | Main window ready
2026-03-05 23:17:13,931 | INFO | app.scale.reader | Connecting to COM6 @ 9600...
2026-03-05 23:17:13,931 | ERROR | app.scale.reader | Serial error: [Errno 2] could not open port COM6: [Errno 2] No such file or directory: 'COM6' (COM port busy? Close other apps using the scale.)
2026-03-05 23:17:15,935 | INFO | app.scale.reader | Connecting to COM6 @ 9600...
2026-03-05 23:17:15,936 | ERROR | app.scale.reader | Serial error: [Errno 2] could not open port COM6: [Errno 2] No such file or directory: 'COM6' (COM port busy? Close other apps using the scale.)
2026-03-05 23:17:17,939 | INFO | app.scale.reader | Connecting to COM6 @ 9600...
2026-03-05 23:17:17,941 | ERROR | app.scale.reader | Serial error: [Errno 2] could not open port COM6: [Errno 2] No such file or directory: 'COM6' (COM port busy? Close other apps using the scale.)
2026-03-05 23:17:19,945 | INFO | app.scale.reader | Connecting to COM6 @ 9600...
2026-03-05 23:17:19,946 | ERROR | app.scale.reader | Serial error: [Errno 2] could not open port COM6: [Errno 2] No such file or directory: 'COM6' (COM port busy? Close other apps using the scale.)
2026-03-05 23:17:21,948 | INFO | app.scale.reader | Connecting to COM6 @ 9600...
2026-03-05 23:17:21,949 | ERROR | app.scale.reader | Serial error: [Errno 2] could not open port COM6: [Errno 2] No such file or directory: 'COM6' (COM port busy? Close other apps using the scale.)
2026-03-05 23:17:23,954 | INFO | app.scale.reader | Connecting to COM6 @ 9600...
2026-03-05 23:17:23,955 | ERROR | app.scale.reader | Serial error: [Errno 2] could not open port COM6: [Errno 2] No such file or directory: 'COM6' (COM port busy? Close other apps using the scale.)
2026-03-05 23:17:25,958 | INFO | app.scale.reader | Connecting to COM6 @ 9600...
2026-03-05 23:17:25,959 | ERROR | app.scale.reader | Serial error: [Errno 2] could not open port COM6: [Errno 2] No such file or directory: 'COM6' (COM port busy? Close other apps using the scale.)
2026-03-05 23:17:27,964 | INFO | app.scale.reader | Connecting to COM6 @ 9600...
2026-03-05 23:17:27,964 | ERROR | app.scale.reader | Serial error: [Errno 2] could not open port COM6: [Errno 2] No such file or directory: 'COM6' (COM port busy? Close other apps using the scale.)
2026-03-05 23:17:29,967 | INFO | app.scale.reader | Connecting to COM6 @ 9600...
2026-03-05 23:17:29,967 | ERROR | app.scale.reader | Serial error: [Errno 2] could not open port COM6: [Errno 2] No such file or directory: 'COM6' (COM port busy? Close other apps using the scale.)
2026-03-05 23:17:31,972 | INFO | app.scale.reader | Connecting to COM6 @ 9600...
2026-03-05 23:17:31,972 | ERROR | app.scale.reader | Serial error: [Errno 2] could not open port COM6: [Errno 2] No such file or directory: 'COM6' (COM port busy? Close other apps using the scale.)
2026-03-05 23:17:33,977 | INFO | app.scale.reader | Connecting to COM6 @ 9600...
2026-03-05 23:17:33,978 | ERROR | app.scale.reader | Serial error: [Errno 2] could not open port COM6: [Errno 2] No such file or directory: 'COM6' (COM port busy? Close other apps using the scale.)
2026-03-05 23:17:35,983 | INFO | app.scale.reader | Connecting to COM6 @ 9600...
2026-03-05 23:17:35,983 | ERROR | app.scale.reader | Serial error: [Errno 2] could not open port COM6: [Errno 2] No such file or directory: 'COM6' (COM port busy? Close other apps using the scale.)
2026-03-05 23:17:37,986 | INFO | app.scale.reader | Connecting to COM6 @ 9600...
2026-03-05 23:17:37,986 | ERROR | app.scale.reader | Serial error: [Errno 2] could not open port COM6: [Errno 2] No such file or directory: 'COM6' (COM port busy? Close other apps using the scale.)
2026-03-05 23:17:39,991 | INFO | app.scale.reader | Connecting to COM6 @ 9600...
2026-03-05 23:17:39,992 | ERROR | app.scale.reader | Serial error: [Errno 2] could not open port COM6: [Errno 2] No such file or directory: 'COM6' (COM port busy? Close other apps using the scale.)
2026-03-05 23:17:42,002 | INFO | app.scale.reader | Connecting to COM6 @ 9600...
2026-03-05 23:17:42,002 | ERROR | app.scale.reader | Serial error: [Errno 2] could not open port COM6: [Errno 2] No such file or directory: 'COM6' (COM port busy? Close other apps using the scale.)
2026-03-05 23:17:44,003 | INFO | app.scale.reader | Connecting to COM6 @ 9600...
2026-03-05 23:17:44,003 | ERROR | app.scale.reader | Serial error: [Errno 2] could not open port COM6: [Errno 2] No such file or directory: 'COM6' (COM port busy? Close other apps using the scale.)
2026-03-05 23:17:46,008 | INFO | app.scale.reader | Connecting to COM6 @ 9600...
2026-03-05 23:17:46,009 | ERROR | app.scale.reader | Serial error: [Errno 2] could not open port COM6: [Errno 2] No such file or directory: 'COM6' (COM port busy? Close other apps using the scale.)
2026-03-05 23:17:48,014 | INFO | app.scale.reader | Connecting to COM6 @ 9600...
2026-03-05 23:17:48,014 | ERROR | app.scale.reader | Serial error: [Errno 2] could not open port COM6: [Errno 2] No such file or directory: 'COM6' (COM port busy? Close other apps using the scale.)
2026-03-05 23:17:50,016 | INFO | app.scale.reader | Connecting to COM6 @ 9600...
2026-03-05 23:17:50,017 | ERROR | app.scale.reader | Serial error: [Errno 2] could not open port COM6: [Errno 2] No such file or directory: 'COM6' (COM port busy? Close other apps using the scale.)
2026-03-05 23:17:52,020 | INFO | app.scale.reader | Connecting to COM6 @ 9600...
2026-03-05 23:17:52,021 | ERROR | app.scale.reader | Serial error: [Errno 2] could not open port COM6: [Errno 2] No such file or directory: 'COM6' (COM port busy? Close other apps using the scale.)
2026-03-05 23:17:54,026 | INFO | app.scale.reader | Connecting to COM6 @ 9600...
2026-03-05 23:17:54,026 | ERROR | app.scale.reader | Serial error: [Errno 2] could not open port COM6: [Errno 2] No such file or directory: 'COM6' (COM port busy? Close other apps using the scale.)
2026-03-05 23:17:56,029 | INFO | app.scale.reader | Connecting to COM6 @ 9600...
2026-03-05 23:17:56,029 | ERROR | app.scale.reader | Serial error: [Errno 2] could not open port COM6: [Errno 2] No such file or directory: 'COM6' (COM port busy? Close other apps using the scale.)
2026-03-05 23:17:58,033 | INFO | app.scale.reader | Connecting to COM6 @ 9600...
2026-03-05 23:17:58,034 | ERROR | app.scale.reader | Serial error: [Errno 2] could not open port COM6: [Errno 2] No such file or directory: 'COM6' (COM port busy? Close other apps using the scale.)
2026-03-05 23:18:00,039 | INFO | app.scale.reader | Connecting to COM6 @ 9600...
2026-03-05 23:18:00,039 | ERROR | app.scale.reader | Serial error: [Errno 2] could not open port COM6: [Errno 2] No such file or directory: 'COM6' (COM port busy? Close other apps using the scale.)
2026-03-05 23:18:02,041 | INFO | app.scale.reader | Connecting to COM6 @ 9600...
2026-03-05 23:18:02,042 | ERROR | app.scale.reader | Serial error: [Errno 2] could not open port COM6: [Errno 2] No such file or directory: 'COM6' (COM port busy? Close other apps using the scale.)
2026-03-05 23:18:04,046 | INFO | app.scale.reader | Connecting to COM6 @ 9600...
2026-03-05 23:18:04,047 | ERROR | app.scale.reader | Serial error: [Errno 2] could not open port COM6: [Errno 2] No such file or directory: 'COM6' (COM port busy? Close other apps using the scale.)
2026-03-05 23:18:06,049 | INFO | app.scale.reader | Connecting to COM6 @ 9600...
2026-03-05 23:18:06,050 | ERROR | app.scale.reader | Serial error: [Errno 2] could not open port COM6: [Errno 2] No such file or directory: 'COM6' (COM port busy? Close other apps using the scale.)
2026-03-05 23:18:08,053 | INFO | app.scale.reader | Connecting to COM6 @ 9600...
2026-03-05 23:18:08,054 | ERROR | app.scale.reader | Serial error: [Errno 2] could not open port COM6: [Errno 2] No such file or directory: 'COM6' (COM port busy? Close other apps using the scale.)
2026-03-05 23:18:10,057 | INFO | app.scale.reader | Connecting to COM6 @ 9600...
2026-03-05 23:18:10,057 | ERROR | app.scale.reader | Serial error: [Errno 2] could not open port COM6: [Errno 2] No such file or directory: 'COM6' (COM port busy? Close other apps using the scale.)
2026-03-05 23:18:12,061 | INFO | app.scale.reader | Connecting to COM6 @ 9600...
2026-03-05 23:18:12,062 | ERROR | app.scale.reader | Serial error: [Errno 2] could not open port COM6: [Errno 2] No such file or directory: 'COM6' (COM port busy? Close other apps using the scale.)
2026-03-05 23:18:14,067 | INFO | app.scale.reader | Connecting to COM6 @ 9600...
2026-03-05 23:18:14,068 | ERROR | app.scale.reader | Serial error: [Errno 2] could not open port COM6: [Errno 2] No such file or directory: 'COM6' (COM port busy? Close other apps using the scale.)
2026-03-05 23:18:16,073 | INFO | app.scale.reader | Connecting to COM6 @ 9600...
2026-03-05 23:18:16,074 | ERROR | app.scale.reader | Serial error: [Errno 2] could not open port COM6: [Errno 2] No such file or directory: 'COM6' (COM port busy? Close other apps using the scale.)
2026-03-05 23:18:18,079 | INFO | app.scale.reader | Connecting to COM6 @ 9600...
2026-03-05 23:18:18,080 | ERROR | app.scale.reader | Serial error: [Errno 2] could not open port COM6: [Errno 2] No such file or directory: 'COM6' (COM port busy? Close other apps using the scale.)
2026-03-05 23:18:20,084 | INFO | app.scale.reader | Connecting to COM6 @ 9600...
2026-03-05 23:18:20,085 | ERROR | app.scale.reader | Serial error: [Errno 2] could not open port COM6: [Errno 2] No such file or directory: 'COM6' (COM port busy? Close other apps using the scale.)
2026-03-05 23:18:22,090 | INFO | app.scale.reader | Connecting to COM6 @ 9600...
2026-03-05 23:18:22,091 | ERROR | app.scale.reader | Serial error: [Errno 2] could not open port COM6: [Errno 2] No such file or directory: 'COM6' (COM port busy? Close other apps using the scale.)
2026-03-05 23:18:24,095 | INFO | app.scale.reader | Connecting to COM6 @ 9600...
2026-03-05 23:18:24,096 | ERROR | app.scale.reader | Serial error: [Errno 2] could not open port COM6: [Errno 2] No such file or directory: 'COM6' (COM port busy? Close other apps using the scale.)
2026-03-05 23:18:26,101 | INFO | app.scale.reader | Connecting to COM6 @ 9600...
2026-03-05 23:18:26,101 | ERROR | app.scale.reader | Serial error: [Errno 2] could not open port COM6: [Errno 2] No such file or directory: 'COM6' (COM port busy? Close other apps using the scale.)
2026-03-05 23:18:28,102 | INFO | app.scale.reader | Connecting to COM6 @ 9600...
2026-03-05 23:18:28,104 | ERROR | app.scale.reader | Serial error: [Errno 2] could not open port COM6: [Errno 2] No such file or directory: 'COM6' (COM port busy? Close other apps using the scale.)
2026-03-05 23:18:30,104 | INFO | app.scale.reader | Connecting to COM6 @ 9600...
2026-03-05 23:18:30,105 | ERROR | app.scale.reader | Serial error: [Errno 2] could not open port COM6: [Errno 2] No such file or directory: 'COM6' (COM port busy? Close other apps using the scale.)
2026-03-05 23:18:32,110 | INFO | app.scale.reader | Connecting to COM6 @ 9600...
2026-03-05 23:18:32,110 | ERROR | app.scale.reader | Serial error: [Errno 2] could not open port COM6: [Errno 2] No such file or directory: 'COM6' (COM port busy? Close other apps using the scale.)
2026-03-05 23:18:34,111 | INFO | app.scale.reader | Connecting to COM6 @ 9600...
2026-03-05 23:18:34,111 | ERROR | app.scale.reader | Serial error: [Errno 2] could not open port COM6: [Errno 2] No such file or directory: 'COM6' (COM port busy? Close other apps using the scale.)
2026-03-05 23:18:36,112 | INFO | app.scale.reader | Connecting to COM6 @ 9600...
2026-03-05 23:18:36,112 | ERROR | app.scale.reader | Serial error: [Errno 2] could not open port COM6: [Errno 2] No such file or directory: 'COM6' (COM port busy? Close other apps using the scale.)
2026-03-05 23:18:38,116 | INFO | app.scale.reader | Connecting to COM6 @ 9600...
2026-03-05 23:18:38,117 | ERROR | app.scale.reader | Serial error: [Errno 2] could not open port COM6: [Errno 2] No such file or directory: 'COM6' (COM port busy? Close other apps using the scale.)
2026-03-05 23:18:40,121 | INFO | app.scale.reader | Connecting to COM6 @ 9600...
2026-03-05 23:18:40,121 | ERROR | app.scale.reader | Serial error: [Errno 2] could not open port COM6: [Errno 2] No such file or directory: 'COM6' (COM port busy? Close other apps using the scale.)
2026-03-05 23:18:42,126 | INFO | app.scale.reader | Connecting to COM6 @ 9600...
2026-03-05 23:18:42,126 | ERROR | app.scale.reader | Serial error: [Errno 2] could not open port COM6: [Errno 2] No such file or directory: 'COM6' (COM port busy? Close other apps using the scale.)
2026-03-05 23:18:44,127 | INFO | app.scale.reader | Connecting to COM6 @ 9600...
2026-03-05 23:18:44,128 | ERROR | app.scale.reader | Serial error: [Errno 2] could not open port COM6: [Errno 2] No such file or directory: 'COM6' (COM port busy? Close other apps using the scale.)
2026-03-05 23:18:46,130 | INFO | app.scale.reader | Connecting to COM6 @ 9600...
2026-03-05 23:18:46,130 | ERROR | app.scale.reader | Serial error: [Errno 2] could not open port COM6: [Errno 2] No such file or directory: 'COM6' (COM port busy? Close other apps using the scale.)
2026-03-05 23:18:48,136 | INFO | app.scale.reader | Connecting to COM6 @ 9600...
2026-03-05 23:18:48,136 | ERROR | app.scale.reader | Serial error: [Errno 2] could not open port COM6: [Errno 2] No such file or directory: 'COM6' (COM port busy? Close other apps using the scale.)
2026-03-05 23:18:50,141 | INFO | app.scale.reader | Connecting to COM6 @ 9600...
2026-03-05 23:18:50,141 | ERROR | app.scale.reader | Serial error: [Errno 2] could not open port COM6: [Errno 2] No such file or directory: 'COM6' (COM port busy? Close other apps using the scale.)
2026-03-05 23:18:52,146 | INFO | app.scale.reader | Connecting to COM6 @ 9600...
2026-03-05 23:18:52,146 | ERROR | app.scale.reader | Serial error: [Errno 2] could not open port COM6: [Errno 2] No such file or directory: 'COM6' (COM port busy? Close other apps using the scale.)
2026-03-05 23:18:54,153 | INFO | app.scale.reader | Connecting to COM6 @ 9600...
2026-03-05 23:18:54,155 | ERROR | app.scale.reader | Serial error: [Errno 2] could not open port COM6: [Errno 2] No such file or directory: 'COM6' (COM port busy? Close other apps using the scale.)
2026-03-05 23:18:56,158 | INFO | app.scale.reader | Connecting to COM6 @ 9600...
2026-03-05 23:18:56,159 | ERROR | app.scale.reader | Serial error: [Errno 2] could not open port COM6: [Errno 2] No such file or directory: 'COM6' (COM port busy? Close other apps using the scale.)
2026-03-05 23:18:58,164 | INFO | app.scale.reader | Connecting to COM6 @ 9600...
2026-03-05 23:18:58,164 | ERROR | app.scale.reader | Serial error: [Errno 2] could not open port COM6: [Errno 2] No such file or directory: 'COM6' (COM port busy? Close other apps using the scale.)
2026-03-05 23:19:00,168 | INFO | app.scale.reader | Connecting to COM6 @ 9600...
2026-03-05 23:19:00,169 | ERROR | app.scale.reader | Serial error: [Errno 2] could not open port COM6: [Errno 2] No such file or directory: 'COM6' (COM port busy? Close other apps using the scale.)
2026-03-05 23:19:02,172 | INFO | app.scale.reader | Connecting to COM6 @ 9600...
2026-03-05 23:19:02,173 | ERROR | app.scale.reader | Serial error: [Errno 2] could not open port COM6: [Errno 2] No such file or directory: 'COM6' (COM port busy? Close other apps using the scale.)
2026-03-05 23:19:04,177 | INFO | app.scale.reader | Connecting to COM6 @ 9600...
2026-03-05 23:19:04,178 | ERROR | app.scale.reader | Serial error: [Errno 2] could not open port COM6: [Errno 2] No such file or directory: 'COM6' (COM port busy? Close other apps using the scale.)
2026-03-05 23:19:06,182 | INFO | app.scale.reader | Connecting to COM6 @ 9600...
2026-03-05 23:19:06,182 | ERROR | app.scale.reader | Serial error: [Errno 2] could not open port COM6: [Errno 2] No such file or directory: 'COM6' (COM port busy? Close other apps using the scale.)
2026-03-05 23:19:08,187 | INFO | app.scale.reader | Connecting to COM6 @ 9600...
2026-03-05 23:19:08,188 | ERROR | app.scale.reader | Serial error: [Errno 2] could not open port COM6: [Errno 2] No such file or directory: 'COM6' (COM port busy? Close other apps using the scale.)
2026-03-05 23:19:10,192 | INFO | app.scale.reader | Connecting to COM6 @ 9600...
2026-03-05 23:19:10,192 | ERROR | app.scale.reader | Serial error: [Errno 2] could not open port COM6: [Errno 2] No such file or directory: 'COM6' (COM port busy? Close other apps using the scale.)
2026-03-05 23:19:12,195 | INFO | app.scale.reader | Connecting to COM6 @ 9600...
2026-03-05 23:19:12,196 | ERROR | app.scale.reader | Serial error: [Errno 2] could not open port COM6: [Errno 2] No such file or directory: 'COM6' (COM port busy? Close other apps using the scale.)
2026-03-05 23:19:14,200 | INFO | app.scale.reader | Connecting to COM6 @ 9600...
2026-03-05 23:19:14,200 | ERROR | app.scale.reader | Serial error: [Errno 2] could not open port COM6: [Errno 2] No such file or directory: 'COM6' (COM port busy? Close other apps using the scale.)
2026-03-05 23:19:16,203 | INFO | app.scale.reader | Connecting to COM6 @ 9600...
2026-03-05 23:19:16,203 | ERROR | app.scale.reader | Serial error: [Errno 2] could not open port COM6: [Errno 2] No such file or directory: 'COM6' (COM port busy? Close other apps using the scale.)
2026-03-05 23:19:18,208 | INFO | app.scale.reader | Connecting to COM6 @ 9600...
2026-03-05 23:19:18,209 | ERROR | app.scale.reader | Serial error: [Errno 2] could not open port COM6: [Errno 2] No such file or directory: 'COM6' (COM port busy? Close other apps using the scale.)
2026-03-05 23:19:20,214 | INFO | app.scale.reader | Connecting to COM6 @ 9600...
2026-03-05 23:19:20,216 | ERROR | app.scale.reader | Serial error: [Errno 2] could not open port COM6: [Errno 2] No such file or directory: 'COM6' (COM port busy? Close other apps using the scale.)
2026-03-05 23:19:22,220 | INFO | app.scale.reader | Connecting to COM6 @ 9600...
2026-03-05 23:19:22,221 | ERROR | app.scale.reader | Serial error: [Errno 2] could not open port COM6: [Errno 2] No such file or directory: 'COM6' (COM port busy? Close other apps using the scale.)
2026-03-05 23:19:24,222 | INFO | app.scale.reader | Connecting to COM6 @ 9600...
2026-03-05 23:19:24,222 | ERROR | app.scale.reader | Serial error: [Errno 2] could not open port COM6: [Errno 2] No such file or directory: 'COM6' (COM port busy? Close other apps using the scale.)
2026-03-05 23:19:41,962 | INFO | root | === POS Scale App started ===
2026-03-05 23:19:42,197 | INFO | app.ui.main_window | Main window ready
2026-03-05 23:19:42,244 | INFO | app.scale.reader | Connecting to COM6 @ 9600...
2026-03-05 23:19:42,244 | ERROR | app.scale.reader | Serial error: [Errno 2] could not open port COM6: [Errno 2] No such file or directory: 'COM6' (COM port busy? Close other apps using the scale.)
2026-03-05 23:19:44,246 | INFO | app.scale.reader | Connecting to COM6 @ 9600...
2026-03-05 23:19:44,247 | ERROR | app.scale.reader | Serial error: [Errno 2] could not open port COM6: [Errno 2] No such file or directory: 'COM6' (COM port busy? Close other apps using the scale.)
2026-03-05 23:20:58,538 | INFO | root | === POS Scale App started ===
2026-03-05 23:20:58,770 | INFO | app.ui.main_window | Main window ready
2026-03-05 23:20:58,813 | INFO | app.scale.reader | Connecting to COM6 @ 9600...
2026-03-05 23:20:58,813 | ERROR | app.scale.reader | Serial error: [Errno 2] could not open port COM6: [Errno 2] No such file or directory: 'COM6' (COM port busy? Close other apps using the scale.)
2026-03-05 23:21:00,815 | INFO | app.scale.reader | Connecting to COM6 @ 9600...
2026-03-05 23:21:00,816 | ERROR | app.scale.reader | Serial error: [Errno 2] could not open port COM6: [Errno 2] No such file or directory: 'COM6' (COM port busy? Close other apps using the scale.)
2026-03-05 23:21:02,817 | INFO | app.scale.reader | Connecting to COM6 @ 9600...
2026-03-05 23:21:02,819 | ERROR | app.scale.reader | Serial error: [Errno 2] could not open port COM6: [Errno 2] No such file or directory: 'COM6' (COM port busy? Close other apps using the scale.)
2026-03-05 23:21:04,827 | INFO | app.scale.reader | Connecting to COM6 @ 9600...
2026-03-05 23:21:04,828 | ERROR | app.scale.reader | Serial error: [Errno 2] could not open port COM6: [Errno 2] No such file or directory: 'COM6' (COM port busy? Close other apps using the scale.)
2026-03-05 23:21:06,832 | INFO | app.scale.reader | Connecting to COM6 @ 9600...
2026-03-05 23:21:06,833 | ERROR | app.scale.reader | Serial error: [Errno 2] could not open port COM6: [Errno 2] No such file or directory: 'COM6' (COM port busy? Close other apps using the scale.)
2026-03-05 23:21:08,836 | INFO | app.scale.reader | Connecting to COM6 @ 9600...
2026-03-05 23:21:08,836 | ERROR | app.scale.reader | Serial error: [Errno 2] could not open port COM6: [Errno 2] No such file or directory: 'COM6' (COM port busy? Close other apps using the scale.)
2026-03-05 23:21:10,837 | INFO | app.scale.reader | Connecting to COM6 @ 9600...
2026-03-05 23:21:10,837 | ERROR | app.scale.reader | Serial error: [Errno 2] could not open port COM6: [Errno 2] No such file or directory: 'COM6' (COM port busy? Close other apps using the scale.)
2026-03-05 23:21:12,843 | INFO | app.scale.reader | Connecting to COM6 @ 9600...
2026-03-05 23:21:12,844 | ERROR | app.scale.reader | Serial error: [Errno 2] could not open port COM6: [Errno 2] No such file or directory: 'COM6' (COM port busy? Close other apps using the scale.)
2026-03-05 23:21:14,848 | INFO | app.scale.reader | Connecting to COM6 @ 9600...
2026-03-05 23:21:14,850 | ERROR | app.scale.reader | Serial error: [Errno 2] could not open port COM6: [Errno 2] No such file or directory: 'COM6' (COM port busy? Close other apps using the scale.)
2026-03-05 23:21:16,855 | INFO | app.scale.reader | Connecting to COM6 @ 9600...
2026-03-05 23:21:16,856 | ERROR | app.scale.reader | Serial error: [Errno 2] could not open port COM6: [Errno 2] No such file or directory: 'COM6' (COM port busy? Close other apps using the scale.)
2026-03-05 23:21:18,861 | INFO | app.scale.reader | Connecting to COM6 @ 9600...
2026-03-05 23:21:18,861 | ERROR | app.scale.reader | Serial error: [Errno 2] could not open port COM6: [Errno 2] No such file or directory: 'COM6' (COM port busy? Close other apps using the scale.)
2026-03-05 23:21:20,865 | INFO | app.scale.reader | Connecting to COM6 @ 9600...
2026-03-05 23:21:20,866 | ERROR | app.scale.reader | Serial error: [Errno 2] could not open port COM6: [Errno 2] No such file or directory: 'COM6' (COM port busy? Close other apps using the scale.)
2026-03-05 23:21:22,869 | INFO | app.scale.reader | Connecting to COM6 @ 9600...
2026-03-05 23:21:22,869 | ERROR | app.scale.reader | Serial error: [Errno 2] could not open port COM6: [Errno 2] No such file or directory: 'COM6' (COM port busy? Close other apps using the scale.)
2026-03-05 23:21:24,872 | INFO | app.scale.reader | Connecting to COM6 @ 9600...
2026-03-05 23:21:24,872 | ERROR | app.scale.reader | Serial error: [Errno 2] could not open port COM6: [Errno 2] No such file or directory: 'COM6' (COM port busy? Close other apps using the scale.)
2026-03-05 23:21:26,877 | INFO | app.scale.reader | Connecting to COM6 @ 9600...
2026-03-05 23:21:26,877 | ERROR | app.scale.reader | Serial error: [Errno 2] could not open port COM6: [Errno 2] No such file or directory: 'COM6' (COM port busy? Close other apps using the scale.)
2026-03-05 23:21:28,878 | INFO | app.scale.reader | Connecting to COM6 @ 9600...
2026-03-05 23:21:28,878 | ERROR | app.scale.reader | Serial error: [Errno 2] could not open port COM6: [Errno 2] No such file or directory: 'COM6' (COM port busy? Close other apps using the scale.)
2026-03-05 23:21:30,883 | INFO | app.scale.reader | Connecting to COM6 @ 9600...
2026-03-05 23:21:30,883 | ERROR | app.scale.reader | Serial error: [Errno 2] could not open port COM6: [Errno 2] No such file or directory: 'COM6' (COM port busy? Close other apps using the scale.)
2026-03-05 23:21:32,891 | INFO | app.scale.reader | Connecting to COM6 @ 9600...
2026-03-05 23:21:32,892 | ERROR | app.scale.reader | Serial error: [Errno 2] could not open port COM6: [Errno 2] No such file or directory: 'COM6' (COM port busy? Close other apps using the scale.)
2026-03-05 23:21:34,892 | INFO | app.scale.reader | Connecting to COM6 @ 9600...
2026-03-05 23:21:34,893 | ERROR | app.scale.reader | Serial error: [Errno 2] could not open port COM6: [Errno 2] No such file or directory: 'COM6' (COM port busy? Close other apps using the scale.)
2026-03-05 23:21:36,898 | INFO | app.scale.reader | Connecting to COM6 @ 9600...
2026-03-05 23:21:36,899 | ERROR | app.scale.reader | Serial error: [Errno 2] could not open port COM6: [Errno 2] No such file or directory: 'COM6' (COM port busy? Close other apps using the scale.)
2026-03-05 23:21:38,904 | INFO | app.scale.reader | Connecting to COM6 @ 9600...
2026-03-05 23:21:38,904 | ERROR | app.scale.reader | Serial error: [Errno 2] could not open port COM6: [Errno 2] No such file or directory: 'COM6' (COM port busy? Close other apps using the scale.)
2026-03-05 23:21:40,909 | INFO | app.scale.reader | Connecting to COM6 @ 9600...
2026-03-05 23:21:40,910 | ERROR | app.scale.reader | Serial error: [Errno 2] could not open port COM6: [Errno 2] No such file or directory: 'COM6' (COM port busy? Close other apps using the scale.)
2026-03-05 23:21:42,914 | INFO | app.scale.reader | Connecting to COM6 @ 9600...
2026-03-05 23:21:42,914 | ERROR | app.scale.reader | Serial error: [Errno 2] could not open port COM6: [Errno 2] No such file or directory: 'COM6' (COM port busy? Close other apps using the scale.)
2026-03-05 23:21:44,918 | INFO | app.scale.reader | Connecting to COM6 @ 9600...
2026-03-05 23:21:44,920 | ERROR | app.scale.reader | Serial error: [Errno 2] could not open port COM6: [Errno 2] No such file or directory: 'COM6' (COM port busy? Close other apps using the scale.)
2026-03-05 23:21:46,926 | INFO | app.scale.reader | Connecting to COM6 @ 9600...
2026-03-05 23:21:46,926 | ERROR | app.scale.reader | Serial error: [Errno 2] could not open port COM6: [Errno 2] No such file or directory: 'COM6' (COM port busy? Close other apps using the scale.)
2026-03-05 23:21:48,928 | INFO | app.scale.reader | Connecting to COM6 @ 9600...
2026-03-05 23:21:48,929 | ERROR | app.scale.reader | Serial error: [Errno 2] could not open port COM6: [Errno 2] No such file or directory: 'COM6' (COM port busy? Close other apps using the scale.)
2026-03-05 23:21:50,934 | INFO | app.scale.reader | Connecting to COM6 @ 9600...
2026-03-05 23:21:50,934 | ERROR | app.scale.reader | Serial error: [Errno 2] could not open port COM6: [Errno 2] No such file or directory: 'COM6' (COM port busy? Close other apps using the scale.)
2026-03-05 23:21:52,938 | INFO | app.scale.reader | Connecting to COM6 @ 9600...
2026-03-05 23:21:52,938 | ERROR | app.scale.reader | Serial error: [Errno 2] could not open port COM6: [Errno 2] No such file or directory: 'COM6' (COM port busy? Close other apps using the scale.)
2026-03-05 23:21:54,943 | INFO | app.scale.reader | Connecting to COM6 @ 9600...
2026-03-05 23:21:54,944 | ERROR | app.scale.reader | Serial error: [Errno 2] could not open port COM6: [Errno 2] No such file or directory: 'COM6' (COM port busy? Close other apps using the scale.)
2026-03-05 23:21:56,949 | INFO | app.scale.reader | Connecting to COM6 @ 9600...
2026-03-05 23:21:56,950 | ERROR | app.scale.reader | Serial error: [Errno 2] could not open port COM6: [Errno 2] No such file or directory: 'COM6' (COM port busy? Close other apps using the scale.)
2026-03-05 23:21:58,955 | INFO | app.scale.reader | Connecting to COM6 @ 9600...
2026-03-05 23:21:58,955 | ERROR | app.scale.reader | Serial error: [Errno 2] could not open port COM6: [Errno 2] No such file or directory: 'COM6' (COM port busy? Close other apps using the scale.)
2026-03-05 23:22:00,957 | INFO | app.scale.reader | Connecting to COM6 @ 9600...
2026-03-05 23:22:00,958 | ERROR | app.scale.reader | Serial error: [Errno 2] could not open port COM6: [Errno 2] No such file or directory: 'COM6' (COM port busy? Close other apps using the scale.)
2026-03-05 23:22:02,959 | INFO | app.scale.reader | Connecting to COM6 @ 9600...
2026-03-05 23:22:02,959 | ERROR | app.scale.reader | Serial error: [Errno 2] could not open port COM6: [Errno 2] No such file or directory: 'COM6' (COM port busy? Close other apps using the scale.)
2026-03-05 23:22:04,963 | INFO | app.scale.reader | Connecting to COM6 @ 9600...
2026-03-05 23:22:04,963 | ERROR | app.scale.reader | Serial error: [Errno 2] could not open port COM6: [Errno 2] No such file or directory: 'COM6' (COM port busy? Close other apps using the scale.)
2026-03-05 23:22:06,968 | INFO | app.scale.reader | Connecting to COM6 @ 9600...
2026-03-05 23:22:06,968 | ERROR | app.scale.reader | Serial error: [Errno 2] could not open port COM6: [Errno 2] No such file or directory: 'COM6' (COM port busy? Close other apps using the scale.)
2026-03-05 23:22:08,971 | INFO | app.scale.reader | Connecting to COM6 @ 9600...
2026-03-05 23:22:08,971 | ERROR | app.scale.reader | Serial error: [Errno 2] could not open port COM6: [Errno 2] No such file or directory: 'COM6' (COM port busy? Close other apps using the scale.)
2026-03-05 23:22:10,973 | INFO | app.scale.reader | Connecting to COM6 @ 9600...
2026-03-05 23:22:10,974 | ERROR | app.scale.reader | Serial error: [Errno 2] could not open port COM6: [Errno 2] No such file or directory: 'COM6' (COM port busy? Close other apps using the scale.)
2026-03-05 23:22:12,979 | INFO | app.scale.reader | Connecting to COM6 @ 9600...
2026-03-05 23:22:12,979 | ERROR | app.scale.reader | Serial error: [Errno 2] could not open port COM6: [Errno 2] No such file or directory: 'COM6' (COM port busy? Close other apps using the scale.)
2026-03-05 23:22:14,984 | INFO | app.scale.reader | Connecting to COM6 @ 9600...
2026-03-05 23:22:14,985 | ERROR | app.scale.reader | Serial error: [Errno 2] could not open port COM6: [Errno 2] No such file or directory: 'COM6' (COM port busy? Close other apps using the scale.)
2026-03-05 23:22:16,990 | INFO | app.scale.reader | Connecting to COM6 @ 9600...
2026-03-05 23:22:16,990 | ERROR | app.scale.reader | Serial error: [Errno 2] could not open port COM6: [Errno 2] No such file or directory: 'COM6' (COM port busy? Close other apps using the scale.)
2026-03-05 23:22:18,993 | INFO | app.scale.reader | Connecting to COM6 @ 9600...
2026-03-05 23:22:18,995 | ERROR | app.scale.reader | Serial error: [Errno 2] could not open port COM6: [Errno 2] No such file or directory: 'COM6' (COM port busy? Close other apps using the scale.)
2026-03-05 23:22:20,997 | INFO | app.scale.reader | Connecting to COM6 @ 9600...
2026-03-05 23:22:20,998 | ERROR | app.scale.reader | Serial error: [Errno 2] could not open port COM6: [Errno 2] No such file or directory: 'COM6' (COM port busy? Close other apps using the scale.)
2026-03-05 23:22:23,003 | INFO | app.scale.reader | Connecting to COM6 @ 9600...
2026-03-05 23:22:23,003 | ERROR | app.scale.reader | Serial error: [Errno 2] could not open port COM6: [Errno 2] No such file or directory: 'COM6' (COM port busy? Close other apps using the scale.)
2026-03-05 23:22:25,009 | INFO | app.scale.reader | Connecting to COM6 @ 9600...
2026-03-05 23:22:25,009 | ERROR | app.scale.reader | Serial error: [Errno 2] could not open port COM6: [Errno 2] No such file or directory: 'COM6' (COM port busy? Close other apps using the scale.)
2026-03-05 23:22:27,014 | INFO | app.scale.reader | Connecting to COM6 @ 9600...
2026-03-05 23:22:27,015 | ERROR | app.scale.reader | Serial error: [Errno 2] could not open port COM6: [Errno 2] No such file or directory: 'COM6' (COM port busy? Close other apps using the scale.)
2026-03-05 23:22:29,018 | INFO | app.scale.reader | Connecting to COM6 @ 9600...
2026-03-05 23:22:29,018 | ERROR | app.scale.reader | Serial error: [Errno 2] could not open port COM6: [Errno 2] No such file or directory: 'COM6' (COM port busy? Close other apps using the scale.)
2026-03-05 23:22:31,023 | INFO | app.scale.reader | Connecting to COM6 @ 9600...
2026-03-05 23:22:31,025 | ERROR | app.scale.reader | Serial error: [Errno 2] could not open port COM6: [Errno 2] No such file or directory: 'COM6' (COM port busy? Close other apps using the scale.)
2026-03-05 23:22:33,026 | INFO | app.scale.reader | Connecting to COM6 @ 9600...
2026-03-05 23:22:33,027 | ERROR | app.scale.reader | Serial error: [Errno 2] could not open port COM6: [Errno 2] No such file or directory: 'COM6' (COM port busy? Close other apps using the scale.)
2026-03-05 23:22:35,030 | INFO | app.scale.reader | Connecting to COM6 @ 9600...
2026-03-05 23:22:35,031 | ERROR | app.scale.reader | Serial error: [Errno 2] could not open port COM6: [Errno 2] No such file or directory: 'COM6' (COM port busy? Close other apps using the scale.)
2026-03-05 23:22:37,034 | INFO | app.scale.reader | Connecting to COM6 @ 9600...
2026-03-05 23:22:37,035 | ERROR | app.scale.reader | Serial error: [Errno 2] could not open port COM6: [Errno 2] No such file or directory: 'COM6' (COM port busy? Close other apps using the scale.)
2026-03-05 23:22:39,040 | INFO | app.scale.reader | Connecting to COM6 @ 9600...
2026-03-05 23:22:39,041 | ERROR | app.scale.reader | Serial error: [Errno 2] could not open port COM6: [Errno 2] No such file or directory: 'COM6' (COM port busy? Close other apps using the scale.)
2026-03-05 23:22:41,046 | INFO | app.scale.reader | Connecting to COM6 @ 9600...
2026-03-05 23:22:41,046 | ERROR | app.scale.reader | Serial error: [Errno 2] could not open port COM6: [Errno 2] No such file or directory: 'COM6' (COM port busy? Close other apps using the scale.)
2026-03-06 00:05:27,074 | INFO | root | === POS Scale App started ===
2026-03-06 00:05:27,299 | INFO | app.ui.main_window | Main window ready
2026-03-06 00:05:27,342 | INFO | app.scale.reader | Connecting to COM6 @ 9600...
2026-03-06 00:05:27,342 | ERROR | app.scale.reader | Serial error: [Errno 2] could not open port COM6: [Errno 2] No such file or directory: 'COM6' (COM port busy? Close other apps using the scale.)
2026-03-06 00:05:29,347 | INFO | app.scale.reader | Connecting to COM6 @ 9600...
2026-03-06 00:05:29,348 | ERROR | app.scale.reader | Serial error: [Errno 2] could not open port COM6: [Errno 2] No such file or directory: 'COM6' (COM port busy? Close other apps using the scale.)
2026-03-06 00:05:31,353 | INFO | app.scale.reader | Connecting to COM6 @ 9600...
2026-03-06 00:05:31,353 | ERROR | app.scale.reader | Serial error: [Errno 2] could not open port COM6: [Errno 2] No such file or directory: 'COM6' (COM port busy? Close other apps using the scale.)
2026-03-06 00:05:33,358 | INFO | app.scale.reader | Connecting to COM6 @ 9600...
2026-03-06 00:05:33,359 | ERROR | app.scale.reader | Serial error: [Errno 2] could not open port COM6: [Errno 2] No such file or directory: 'COM6' (COM port busy? Close other apps using the scale.)
